#
# A fatal error has been detected by the Java Runtime Environment:
#
#  EXCEPTION_ACCESS_VIOLATION (0xc0000005) at pc=0x00007ffdfadec9b0, pid=10528, tid=5532
#
# JRE version: OpenJDK Runtime Environment Microsoft-7208460 (11.0.18+10) (build 11.0.18+10-LTS)
# Java VM: OpenJDK 64-Bit Server VM Microsoft-7208460 (11.0.18+10-LTS, mixed mode, tiered, compressed oops, g1 gc, windows-amd64)
# Problematic frame:
# V  [jvm.dll+0x30c9b0]
#
# No core dump will be written. Minidumps are not enabled by default on client versions of Windows
#
# If you would like to submit a bug report, please visit:
#   https://github.com/microsoft/openjdk/issues
#

---------------  S U M M A R Y ------------

Command Line: -XX:MaxMetaspaceSize=512m --add-opens=java.base/java.util=ALL-UNNAMED --add-opens=java.base/java.lang=ALL-UNNAMED --add-opens=java.base/java.lang.invoke=ALL-UNNAMED --add-opens=java.base/java.util=ALL-UNNAMED --add-opens=java.prefs/java.util.prefs=ALL-UNNAMED --add-opens=java.prefs/java.util.prefs=ALL-UNNAMED --add-opens=java.base/java.nio.charset=ALL-UNNAMED --add-opens=java.base/java.net=ALL-UNNAMED --add-opens=java.base/java.util.concurrent.atomic=ALL-UNNAMED -Xmx2048m -Dfile.encoding=windows-1252 -Duser.country=BR -Duser.language=pt -Duser.variant org.gradle.launcher.daemon.bootstrap.GradleDaemon 7.5.1

Host: Intel(R) Core(TM) i3-2370M CPU @ 2.40GHz, 4 cores, 5G,  Windows 10 , 64 bit Build 19041 (10.0.19041.2364)
Time: Sun Feb 12 12:13:44 2023 Hora oficial do Brasil elapsed time: 38.050172 seconds (0d 0h 0m 38s)

---------------  T H R E A D  ---------------

Current thread (0x000001f256977800):  GCTaskThread "GC Thread#3" [stack: 0x000000df56f00000,0x000000df57000000] [id=5532]

Stack: [0x000000df56f00000,0x000000df57000000],  sp=0x000000df56fff310,  free space=1020k
Native frames: (J=compiled Java code, j=interpreted, Vv=VM code, C=native code)
V  [jvm.dll+0x30c9b0]
V  [jvm.dll+0x30dd35]
V  [jvm.dll+0x30d69d]
V  [jvm.dll+0x30be23]
V  [jvm.dll+0x319c9e]
V  [jvm.dll+0x31865c]
V  [jvm.dll+0x2bd0d0]
V  [jvm.dll+0x2bcff1]
V  [jvm.dll+0x2eac8b]
V  [jvm.dll+0x318cf6]
V  [jvm.dll+0x2ed6f9]
V  [jvm.dll+0x7e9ac0]
V  [jvm.dll+0x7749f4]
V  [jvm.dll+0x62adf5]
C  [ucrtbase.dll+0x21bb2]
C  [KERNEL32.DLL+0x17614]
C  [ntdll.dll+0x526a1]


siginfo: EXCEPTION_ACCESS_VIOLATION (0xc0000005), reading address 0x00000003a5202608


Register to memory mapping:

RIP=0x00007ffdfadec9b0 jvm.dll
RAX=0x0000000054a00e80 is an unknown value
RBX=0x00000000000001f2 is an unknown value
RCX=0x00000001001f9120 is pointing into metadata
RDX=0x0000000087f7bf60 is an oop: 
[error occurred during error reporting (printing register info), id 0xc0000005, EXCEPTION_ACCESS_VIOLATION (0xc0000005) at pc=0x00007ffdfb0f883d]

Registers:
RAX=0x0000000054a00e80, RBX=0x00000000000001f2, RCX=0x00000001001f9120, RDX=0x0000000087f7bf60
RSP=0x000000df56fff310, RBP=0x000001f25ccbf230, RSI=0x00000003a5202610, RDI=0x00000001001f9120
R8 =0x00000001001f9120, R9 =0x00007ffdfb531490, R10=0x00000001001fa280, R11=0x000000df56fff200
R12=0x0000000000000001, R13=0x0000000001c98000, R14=0x00000001001fb210, R15=0x0000000087f7bf60
RIP=0x00007ffdfadec9b0, EFLAGS=0x0000000000010287

Top of Stack: (sp=0x000000df56fff310)
0x000000df56fff310:   0000000001c98002 00007ffdfadedba2
0x000000df56fff320:   0000000000000001 0000000001c98000
0x000000df56fff330:   000001f25ccbf0c0 0000000087f7bf60
0x000000df56fff340:   0000000000000001 00007ffdfadedd35
0x000000df56fff350:   00000000867e6201 0000000087f7bf60
0x000000df56fff360:   0000000000000000 00007ffdfadedba2
0x000000df56fff370:   0000000000000001 0000000087f7bf60
0x000000df56fff380:   0000000000000001 0000000000000000
0x000000df56fff390:   000001f25ccbf0c0 00007ffdfaded69d
0x000000df56fff3a0:   0000000000000000 00000000867e6201
0x000000df56fff3b0:   000001f25ccbf0c0 0000000087f7bf60
0x000000df56fff3c0:   000001f200000080 000001f259da3f10
0x000000df56fff3d0:   0000002c867d6a02 000001f25ae3ba00
0x000000df56fff3e0:   000001f25ccbf0c0 0000000000000040
0x000000df56fff3f0:   000001f23421e2a0 00007ffdfb3a6fe0
0x000000df56fff400:   0000000000000000 000001f23421e220 

Instructions: (pc=0x00007ffdfadec9b0)
0x00007ffdfadec8b0:   48 8d 05 e9 02 00 00 48 89 05 e2 4b 74 00 48 ff
0x00007ffdfadec8c0:   e0 cc cc cc cc cc cc cc cc cc cc cc cc cc cc cc
0x00007ffdfadec8d0:   80 3d 49 d8 7a 00 00 48 8d 05 a2 03 00 00 75 07
0x00007ffdfadec8e0:   48 8d 05 a9 03 00 00 48 89 05 aa 4b 74 00 48 ff
0x00007ffdfadec8f0:   e0 cc cc cc cc cc cc cc cc cc cc cc cc cc cc cc
0x00007ffdfadec900:   80 3d 19 d8 7a 00 00 48 8d 05 92 03 00 00 75 07
0x00007ffdfadec910:   48 8d 05 f9 03 00 00 48 89 05 9a 4b 74 00 48 ff
0x00007ffdfadec920:   e0 cc cc cc cc cc cc cc cc cc cc cc cc cc cc cc
0x00007ffdfadec930:   80 3d e9 d7 7a 00 00 48 8d 05 e2 c0 cf ff 75 07
0x00007ffdfadec940:   48 8d 05 d9 c0 cf ff 48 89 05 62 4b 74 00 48 ff
0x00007ffdfadec950:   e0 cc cc cc cc cc cc cc cc cc cc cc cc cc cc cc
0x00007ffdfadec960:   48 89 5c 24 08 48 89 6c 24 10 48 89 74 24 18 57
0x00007ffdfadec970:   41 56 41 57 48 83 ec 20 49 63 98 c4 00 00 00 48
0x00007ffdfadec980:   8b e9 49 8b c8 49 8b f8 4c 8b fa e8 10 c2 1e 00
0x00007ffdfadec990:   4c 8d 14 d8 48 63 87 34 01 00 00 4d 8d 34 c2 8b
0x00007ffdfadec9a0:   87 30 01 00 00 49 8d 34 c6 4c 3b f6 73 3b 66 90
0x00007ffdfadec9b0:   48 63 7e f8 48 83 ee 08 49 03 ff 8b 46 04 48 8d
0x00007ffdfadec9c0:   1c 87 48 3b df 76 1d 66 0f 1f 84 00 00 00 00 00
0x00007ffdfadec9d0:   48 83 eb 04 48 8b cd 48 8b d3 e8 81 57 fd ff 48
0x00007ffdfadec9e0:   3b df 77 ec 49 3b f6 77 c7 48 8b 5c 24 40 48 8b
0x00007ffdfadec9f0:   6c 24 48 48 8b 74 24 50 48 83 c4 20 41 5f 41 5e
0x00007ffdfadeca00:   5f c3 cc cc cc cc cc cc cc cc cc cc cc cc cc cc
0x00007ffdfadeca10:   48 89 5c 24 08 48 89 6c 24 10 48 89 74 24 18 57
0x00007ffdfadeca20:   41 56 41 57 48 83 ec 20 49 63 98 c4 00 00 00 48
0x00007ffdfadeca30:   8b e9 49 8b c8 49 8b f8 4c 8b fa e8 60 c1 1e 00
0x00007ffdfadeca40:   4c 8d 14 d8 48 63 87 34 01 00 00 4d 8d 34 c2 8b
0x00007ffdfadeca50:   87 30 01 00 00 49 8d 34 c6 4c 3b f6 73 3b 66 90
0x00007ffdfadeca60:   48 63 7e f8 48 83 ee 08 49 03 ff 8b 46 04 48 8d
0x00007ffdfadeca70:   1c c7 48 3b df 76 1d 66 0f 1f 84 00 00 00 00 00
0x00007ffdfadeca80:   48 83 eb 08 48 8b cd 48 8b d3 e8 a1 57 fd ff 48
0x00007ffdfadeca90:   3b df 77 ec 49 3b f6 77 c7 48 8b 5c 24 40 48 8b
0x00007ffdfadecaa0:   6c 24 48 48 8b 74 24 50 48 83 c4 20 41 5f 41 5e 


Stack slot to memory mapping:
stack at sp + 0 slots: 0x0000000001c98002 is an unknown value
stack at sp + 1 slots: 0x00007ffdfadedba2 jvm.dll
stack at sp + 2 slots: 0x0000000000000001 is an unknown value
stack at sp + 3 slots: 0x0000000001c98000 is an unknown value
stack at sp + 4 slots: 0x000001f25ccbf0c0 points into unknown readable memory: 0x00007ffdfb3a64d8 | d8 64 3a fb fd 7f 00 00
stack at sp + 5 slots: 0x0000000087f7bf60 is an oop: 
[error occurred during error reporting (inspecting top of stack), id 0xc0000005, EXCEPTION_ACCESS_VIOLATION (0xc0000005) at pc=0x00007ffdfb0f883d]


---------------  P R O C E S S  ---------------

Threads class SMR info:
_java_thread_list=0x000001f2598cd3d0, length=87, elements={
0x000001f234202800, 0x000001f254985800, 0x000001f25497f800, 0x000001f2549d9000,
0x000001f2549dd000, 0x000001f2549de800, 0x000001f2549e0000, 0x000001f2549e5000,
0x000001f2549e8800, 0x000001f25546d800, 0x000001f2569f8000, 0x000001f25757a800,
0x000001f2564b1800, 0x000001f2562f0800, 0x000001f25757f800, 0x000001f256de9000,
0x000001f256dea000, 0x000001f2567e3800, 0x000001f256a27800, 0x000001f2575b7800,
0x000001f257545000, 0x000001f257547800, 0x000001f257544000, 0x000001f257545800,
0x000001f257546800, 0x000001f257549000, 0x000001f257548000, 0x000001f257543800,
0x000001f25754a000, 0x000001f25940a800, 0x000001f25940c800, 0x000001f25940e800,
0x000001f25940b800, 0x000001f25940f800, 0x000001f25940d000, 0x000001f25940e000,
0x000001f25940a000, 0x000001f259413000, 0x000001f259413800, 0x000001f259411000,
0x000001f259414800, 0x000001f259412000, 0x000001f259410800, 0x000001f259415800,
0x000001f259416000, 0x000001f259417000, 0x000001f259417800, 0x000001f25d1e7800,
0x000001f25d1ec800, 0x000001f25d1ea000, 0x000001f25d1ed800, 0x000001f25d1e9800,
0x000001f25d1eb000, 0x000001f25d1ec000, 0x000001f25d1ee800, 0x000001f25d1e8800,
0x000001f25d1f0000, 0x000001f25d1f0800, 0x000001f25d1f1800, 0x000001f25d1f3000,
0x000001f25d1f2800, 0x000001f25d1f4000, 0x000001f25d1f5000, 0x000001f25d1ef000,
0x000001f25d1f5800, 0x000001f25d1f6800, 0x000001f25d331000, 0x000001f25d331800,
0x000001f25d32f000, 0x000001f25d333800, 0x000001f25d330000, 0x000001f25d332800,
0x000001f25d334000, 0x000001f25d32e800, 0x000001f25d339000, 0x000001f25d336000,
0x000001f25d336800, 0x000001f25d338000, 0x000001f25d33a800, 0x000001f25d335000,
0x000001f25d33b800, 0x000001f25d33c800, 0x000001f25d33d000, 0x000001f25d337800,
0x000001f25d33a000, 0x000001f25d451000, 0x000001f257b4d000
}

Java Threads: ( => current thread )
  0x000001f234202800 JavaThread "main" [_thread_blocked, id=7776, stack(0x000000df55100000,0x000000df55200000)]
  0x000001f254985800 JavaThread "Reference Handler" daemon [_thread_blocked, id=7352, stack(0x000000df55800000,0x000000df55900000)]
  0x000001f25497f800 JavaThread "Finalizer" daemon [_thread_blocked, id=7680, stack(0x000000df55900000,0x000000df55a00000)]
  0x000001f2549d9000 JavaThread "Signal Dispatcher" daemon [_thread_blocked, id=5860, stack(0x000000df55a00000,0x000000df55b00000)]
  0x000001f2549dd000 JavaThread "Attach Listener" daemon [_thread_blocked, id=10832, stack(0x000000df55b00000,0x000000df55c00000)]
  0x000001f2549de800 JavaThread "Service Thread" daemon [_thread_blocked, id=4760, stack(0x000000df55c00000,0x000000df55d00000)]
  0x000001f2549e0000 JavaThread "C2 CompilerThread0" daemon [_thread_blocked, id=1096, stack(0x000000df55d00000,0x000000df55e00000)]
  0x000001f2549e5000 JavaThread "C1 CompilerThread0" daemon [_thread_blocked, id=6440, stack(0x000000df55e00000,0x000000df55f00000)]
  0x000001f2549e8800 JavaThread "Sweeper thread" daemon [_thread_blocked, id=4256, stack(0x000000df55f00000,0x000000df56000000)]
  0x000001f25546d800 JavaThread "Common-Cleaner" daemon [_thread_blocked, id=1644, stack(0x000000df56000000,0x000000df56100000)]
  0x000001f2569f8000 JavaThread "Daemon health stats" [_thread_blocked, id=528, stack(0x000000df56500000,0x000000df56600000)]
  0x000001f25757a800 JavaThread "Incoming local TCP Connector on port 54789" [_thread_in_native, id=5800, stack(0x000000df56200000,0x000000df56300000)]
  0x000001f2564b1800 JavaThread "Daemon periodic checks" [_thread_blocked, id=3916, stack(0x000000df56600000,0x000000df56700000)]
  0x000001f2562f0800 JavaThread "Daemon" [_thread_blocked, id=9644, stack(0x000000df56700000,0x000000df56800000)]
  0x000001f25757f800 JavaThread "Handler for socket connection from /127.0.0.1:54789 to /127.0.0.1:54791" [_thread_in_native, id=6972, stack(0x000000df56800000,0x000000df56900000)]
  0x000001f256de9000 JavaThread "Cancel handler" [_thread_blocked, id=7772, stack(0x000000df56900000,0x000000df56a00000)]
  0x000001f256dea000 JavaThread "Daemon worker" [_thread_blocked, id=4832, stack(0x000000df56a00000,0x000000df56b00000)]
  0x000001f2567e3800 JavaThread "Asynchronous log dispatcher for DefaultDaemonConnection: socket connection from /127.0.0.1:54789 to /127.0.0.1:54791" [_thread_blocked, id=7224, stack(0x000000df56b00000,0x000000df56c00000)]
  0x000001f256a27800 JavaThread "Stdin handler" [_thread_blocked, id=10364, stack(0x000000df56c00000,0x000000df56d00000)]
  0x000001f2575b7800 JavaThread "Daemon client event forwarder" [_thread_blocked, id=9936, stack(0x000000df56d00000,0x000000df56e00000)]
  0x000001f257545000 JavaThread "Cache worker for journal cache (C:\Users\AL\.gradle\caches\journal-1)" [_thread_blocked, id=4620, stack(0x000000df57000000,0x000000df57100000)]
  0x000001f257547800 JavaThread "File lock request listener" [_thread_in_native, id=8504, stack(0x000000df57100000,0x000000df57200000)]
  0x000001f257544000 JavaThread "Cache worker for file hash cache (C:\Users\AL\.gradle\caches\7.5.1\fileHashes)" [_thread_blocked, id=6736, stack(0x000000df57200000,0x000000df57300000)]
  0x000001f257545800 JavaThread "File watcher server" daemon [_thread_in_native, id=9688, stack(0x000000df57400000,0x000000df57500000)]
  0x000001f257546800 JavaThread "File watcher consumer" daemon [_thread_blocked, id=8644, stack(0x000000df57500000,0x000000df57600000)]
  0x000001f257549000 JavaThread "Cache worker for checksums cache (C:\Mesa\ChegueJa\app\android\.gradle\7.5.1\checksums)" [_thread_blocked, id=9832, stack(0x000000df57600000,0x000000df57700000)]
  0x000001f257548000 JavaThread "Cache worker for cache directory md-rule (C:\Users\AL\.gradle\caches\7.5.1\md-rule)" [_thread_blocked, id=10536, stack(0x000000df57700000,0x000000df57800000)]
  0x000001f257543800 JavaThread "Cache worker for file content cache (C:\Users\AL\.gradle\caches\7.5.1\fileContent)" [_thread_blocked, id=5380, stack(0x000000df57800000,0x000000df57900000)]
  0x000001f25754a000 JavaThread "Cache worker for file hash cache (C:\Mesa\ChegueJa\app\android\.gradle\7.5.1\fileHashes)" [_thread_blocked, id=2208, stack(0x000000df57900000,0x000000df57a00000)]
  0x000001f25940a800 JavaThread "Cache worker for cache directory md-supplier (C:\Users\AL\.gradle\caches\7.5.1\md-supplier)" [_thread_blocked, id=3212, stack(0x000000df57a00000,0x000000df57b00000)]
  0x000001f25940c800 JavaThread "Cache worker for execution history cache (C:\Users\AL\.gradle\caches\7.5.1\executionHistory)" [_thread_blocked, id=11252, stack(0x000000df57b00000,0x000000df57c00000)]
  0x000001f25940e800 JavaThread "jar transforms" [_thread_blocked, id=10160, stack(0x000000df57c00000,0x000000df57d00000)]
  0x000001f25940b800 JavaThread "jar transforms Thread 2" [_thread_blocked, id=9736, stack(0x000000df57d00000,0x000000df57e00000)]
  0x000001f25940f800 JavaThread "jar transforms Thread 3" [_thread_blocked, id=10516, stack(0x000000df57e00000,0x000000df57f00000)]
  0x000001f25940d000 JavaThread "jar transforms Thread 4" [_thread_blocked, id=9504, stack(0x000000df57f00000,0x000000df58000000)]
  0x000001f25940e000 JavaThread "Cache worker for kotlin-dsl (C:\Users\AL\.gradle\caches\7.5.1\kotlin-dsl)" [_thread_blocked, id=9156, stack(0x000000df58000000,0x000000df58100000)]
  0x000001f25940a000 JavaThread "Cache worker for dependencies-accessors (C:\Mesa\ChegueJa\app\android\.gradle\7.5.1\dependencies-accessors)" [_thread_blocked, id=4428, stack(0x000000df58100000,0x000000df58200000)]
  0x000001f259413000 JavaThread "Cache worker for Build Output Cleanup Cache (C:\Mesa\ChegueJa\app\node_modules\react-native-gradle-plugin\.gradle\buildOutputCleanup)" [_thread_blocked, id=11076, stack(0x000000df58200000,0x000000df58300000)]
  0x000001f259413800 JavaThread "Unconstrained build operations" [_thread_blocked, id=10500, stack(0x000000df57300000,0x000000df57400000)]
  0x000001f259411000 JavaThread "Unconstrained build operations Thread 2" [_thread_blocked, id=4932, stack(0x000000df58400000,0x000000df58500000)]
  0x000001f259414800 JavaThread "Unconstrained build operations Thread 3" [_thread_blocked, id=9360, stack(0x000000df58500000,0x000000df58600000)]
  0x000001f259412000 JavaThread "Unconstrained build operations Thread 4" [_thread_blocked, id=8260, stack(0x000000df58600000,0x000000df58700000)]
  0x000001f259410800 JavaThread "Unconstrained build operations Thread 5" [_thread_blocked, id=8288, stack(0x000000df58700000,0x000000df58800000)]
  0x000001f259415800 JavaThread "Unconstrained build operations Thread 6" [_thread_blocked, id=460, stack(0x000000df58800000,0x000000df58900000)]
  0x000001f259416000 JavaThread "Unconstrained build operations Thread 7" [_thread_blocked, id=468, stack(0x000000df58900000,0x000000df58a00000)]
  0x000001f259417000 JavaThread "Unconstrained build operations Thread 8" [_thread_blocked, id=2460, stack(0x000000df58a00000,0x000000df58b00000)]
  0x000001f259417800 JavaThread "Unconstrained build operations Thread 9" [_thread_blocked, id=10080, stack(0x000000df58b00000,0x000000df58c00000)]
  0x000001f25d1e7800 JavaThread "Unconstrained build operations Thread 10" [_thread_blocked, id=10112, stack(0x000000df58c00000,0x000000df58d00000)]
  0x000001f25d1ec800 JavaThread "Unconstrained build operations Thread 11" [_thread_blocked, id=2944, stack(0x000000df58d00000,0x000000df58e00000)]
  0x000001f25d1ea000 JavaThread "Unconstrained build operations Thread 12" [_thread_blocked, id=6908, stack(0x000000df58e00000,0x000000df58f00000)]
  0x000001f25d1ed800 JavaThread "Unconstrained build operations Thread 13" [_thread_blocked, id=9752, stack(0x000000df58f00000,0x000000df59000000)]
  0x000001f25d1e9800 JavaThread "Unconstrained build operations Thread 14" [_thread_blocked, id=8128, stack(0x000000df59000000,0x000000df59100000)]
  0x000001f25d1eb000 JavaThread "Unconstrained build operations Thread 15" [_thread_blocked, id=7052, stack(0x000000df59100000,0x000000df59200000)]
  0x000001f25d1ec000 JavaThread "Unconstrained build operations Thread 16" [_thread_blocked, id=9776, stack(0x000000df59200000,0x000000df59300000)]
  0x000001f25d1ee800 JavaThread "Unconstrained build operations Thread 17" [_thread_blocked, id=10084, stack(0x000000df59300000,0x000000df59400000)]
  0x000001f25d1e8800 JavaThread "Unconstrained build operations Thread 18" [_thread_blocked, id=10768, stack(0x000000df59400000,0x000000df59500000)]
  0x000001f25d1f0000 JavaThread "Unconstrained build operations Thread 19" [_thread_blocked, id=9896, stack(0x000000df59500000,0x000000df59600000)]
  0x000001f25d1f0800 JavaThread "Unconstrained build operations Thread 20" [_thread_blocked, id=5524, stack(0x000000df59600000,0x000000df59700000)]
  0x000001f25d1f1800 JavaThread "Unconstrained build operations Thread 21" [_thread_blocked, id=10512, stack(0x000000df59700000,0x000000df59800000)]
  0x000001f25d1f3000 JavaThread "Unconstrained build operations Thread 22" [_thread_blocked, id=9808, stack(0x000000df59800000,0x000000df59900000)]
  0x000001f25d1f2800 JavaThread "Unconstrained build operations Thread 23" [_thread_blocked, id=10672, stack(0x000000df59900000,0x000000df59a00000)]
  0x000001f25d1f4000 JavaThread "Unconstrained build operations Thread 24" [_thread_blocked, id=6216, stack(0x000000df59a00000,0x000000df59b00000)]
  0x000001f25d1f5000 JavaThread "Unconstrained build operations Thread 25" [_thread_blocked, id=7944, stack(0x000000df59b00000,0x000000df59c00000)]
  0x000001f25d1ef000 JavaThread "Unconstrained build operations Thread 26" [_thread_blocked, id=6704, stack(0x000000df59c00000,0x000000df59d00000)]
  0x000001f25d1f5800 JavaThread "Unconstrained build operations Thread 27" [_thread_blocked, id=856, stack(0x000000df59d00000,0x000000df59e00000)]
  0x000001f25d1f6800 JavaThread "Unconstrained build operations Thread 28" [_thread_blocked, id=6924, stack(0x000000df59e00000,0x000000df59f00000)]
  0x000001f25d331000 JavaThread "Unconstrained build operations Thread 29" [_thread_blocked, id=2396, stack(0x000000df59f00000,0x000000df5a000000)]
  0x000001f25d331800 JavaThread "Unconstrained build operations Thread 30" [_thread_blocked, id=9828, stack(0x000000df5a000000,0x000000df5a100000)]
  0x000001f25d32f000 JavaThread "Unconstrained build operations Thread 31" [_thread_blocked, id=8152, stack(0x000000df5a100000,0x000000df5a200000)]
  0x000001f25d333800 JavaThread "Unconstrained build operations Thread 32" [_thread_blocked, id=9784, stack(0x000000df5a200000,0x000000df5a300000)]
  0x000001f25d330000 JavaThread "Unconstrained build operations Thread 33" [_thread_blocked, id=11040, stack(0x000000df5a300000,0x000000df5a400000)]
  0x000001f25d332800 JavaThread "build event listener" [_thread_blocked, id=3052, stack(0x000000df5a500000,0x000000df5a600000)]
  0x000001f25d334000 JavaThread "Memory manager" [_thread_blocked, id=5332, stack(0x000000df5a600000,0x000000df5a700000)]
  0x000001f25d32e800 JavaThread "Cache worker for Build Output Cleanup Cache (C:\Mesa\ChegueJa\app\android\.gradle\buildOutputCleanup)" [_thread_blocked, id=6940, stack(0x000000df5a700000,0x000000df5a800000)]
  0x000001f25d339000 JavaThread "included builds" [_thread_blocked, id=10884, stack(0x000000df5a800000,0x000000df5a900000)]
  0x000001f25d336000 JavaThread "Execution worker" [_thread_blocked, id=10968, stack(0x000000df5a900000,0x000000df5aa00000)]
  0x000001f25d336800 JavaThread "Execution worker Thread 2" [_thread_blocked, id=7456, stack(0x000000df5aa00000,0x000000df5ab00000)]
  0x000001f25d338000 JavaThread "Execution worker Thread 3" [_thread_blocked, id=8836, stack(0x000000df5ab00000,0x000000df5ac00000)]
  0x000001f25d33a800 JavaThread "Cache worker for execution history cache (C:\Mesa\ChegueJa\app\node_modules\react-native-gradle-plugin\.gradle\7.5.1\executionHistory)" [_thread_blocked, id=7868, stack(0x000000df5ac00000,0x000000df5ad00000)]
  0x000001f25d335000 JavaThread "Unconstrained build operations Thread 34" [_thread_blocked, id=7228, stack(0x000000df5ad00000,0x000000df5ae00000)]
  0x000001f25d33b800 JavaThread "Unconstrained build operations Thread 35" [_thread_blocked, id=5936, stack(0x000000df5ae00000,0x000000df5af00000)]
  0x000001f25d33c800 JavaThread "Unconstrained build operations Thread 36" [_thread_blocked, id=10352, stack(0x000000df5af00000,0x000000df5b000000)]
  0x000001f25d33d000 JavaThread "Unconstrained build operations Thread 37" [_thread_blocked, id=10592, stack(0x000000df5b000000,0x000000df5b100000)]
  0x000001f25d337800 JavaThread "Unconstrained build operations Thread 38" [_thread_blocked, id=8328, stack(0x000000df5b100000,0x000000df5b200000)]
  0x000001f25d33a000 JavaThread "Unconstrained build operations Thread 39" [_thread_blocked, id=8376, stack(0x000000df5b200000,0x000000df5b300000)]
  0x000001f25d451000 JavaThread "Unconstrained build operations Thread 40" [_thread_blocked, id=10572, stack(0x000000df5b300000,0x000000df5b400000)]
  0x000001f257b4d000 JavaThread "C2 CompilerThread1" daemon [_thread_in_native, id=6592, stack(0x000000df5b500000,0x000000df5b600000)]

Other Threads:
  0x000001f254972000 VMThread "VM Thread" [stack: 0x000000df55700000,0x000000df55800000] [id=10524]
  0x000001f2554a2000 WatcherThread [stack: 0x000000df56100000,0x000000df56200000] [id=10504]
  0x000001f23421b800 GCTaskThread "GC Thread#0" [stack: 0x000000df55200000,0x000000df55300000] [id=11124]
  0x000001f255532800 GCTaskThread "GC Thread#1" [stack: 0x000000df56300000,0x000000df56400000] [id=2964]
  0x000001f25646d800 GCTaskThread "GC Thread#2" [stack: 0x000000df56e00000,0x000000df56f00000] [id=4820]
=>0x000001f256977800 GCTaskThread "GC Thread#3" [stack: 0x000000df56f00000,0x000000df57000000] [id=5532]
  0x000001f23424d000 ConcurrentGCThread "G1 Main Marker" [stack: 0x000000df55300000,0x000000df55400000] [id=6380]
  0x000001f23424e000 ConcurrentGCThread "G1 Conc#0" [stack: 0x000000df55400000,0x000000df55500000] [id=10908]
  0x000001f2342c1000 ConcurrentGCThread "G1 Refine#0" [stack: 0x000000df55500000,0x000000df55600000] [id=11024]
  0x000001f256675800 ConcurrentGCThread "G1 Refine#1" [stack: 0x000000df56400000,0x000000df56500000] [id=10692]
  0x000001f2342c2000 ConcurrentGCThread "G1 Young RemSet Sampling" [stack: 0x000000df55600000,0x000000df55700000] [id=2640]

Threads with active compile tasks:
C2 CompilerThread0    38153 9740 %     4       org.gradle.internal.instantiation.generator.AbstractClassGenerator::inspectType @ 77 (560 bytes)
C2 CompilerThread1    38153 9566       4       com.sun.beans.TypeResolver::resolve (37 bytes)

VM state:at safepoint (normal execution)

VM Mutex/Monitor currently owned by a thread:  ([mutex/lock_event])
[0x000001f2341fe540] Threads_lock - owner thread: 0x000001f254972000
[0x000001f2341ff1a0] Heap_lock - owner thread: 0x000001f256dea000

Heap address: 0x0000000080000000, size: 2048 MB, Compressed Oops mode: 32-bit
Narrow klass base: 0x0000000000000000, Narrow klass shift: 3
Compressed class space size: 528482304 Address: 0x0000000100000000

Heap:
 garbage-first heap   total 167936K, used 136192K [0x0000000080000000, 0x0000000100000000)
  region size 1024K, 61 young (62464K), 5 survivors (5120K)
 Metaspace       used 97355K, capacity 99719K, committed 99796K, reserved 604160K
  class space    used 12820K, capacity 13771K, committed 13824K, reserved 516096K
Heap Regions: E=young(eden), S=young(survivor), O=old, HS=humongous(starts), HC=humongous(continues), CS=collection set, F=free, A=archive, TAMS=top-at-mark-start (previous, next)
|   0|0x0000000080000000, 0x0000000080100000, 0x0000000080100000|100%|HS|  |TAMS 0x0000000080100000, 0x0000000080000000| Complete 
|   1|0x0000000080100000, 0x0000000080200000, 0x0000000080200000|100%|HC|  |TAMS 0x0000000080200000, 0x0000000080100000| Complete 
|   2|0x0000000080200000, 0x0000000080300000, 0x0000000080300000|100%|HC|  |TAMS 0x0000000080300000, 0x0000000080200000| Complete 
|   3|0x0000000080300000, 0x0000000080400000, 0x0000000080400000|100%| O|  |TAMS 0x0000000080400000, 0x0000000080300000| Untracked 
|   4|0x0000000080400000, 0x0000000080500000, 0x0000000080500000|100%| O|  |TAMS 0x0000000080500000, 0x0000000080400000| Untracked 
|   5|0x0000000080500000, 0x0000000080600000, 0x0000000080600000|100%| O|  |TAMS 0x0000000080600000, 0x0000000080500000| Untracked 
|   6|0x0000000080600000, 0x0000000080700000, 0x0000000080700000|100%| O|  |TAMS 0x0000000080700000, 0x0000000080600000| Untracked 
|   7|0x0000000080700000, 0x0000000080800000, 0x0000000080800000|100%| O|  |TAMS 0x0000000080800000, 0x0000000080700000| Untracked 
|   8|0x0000000080800000, 0x0000000080900000, 0x0000000080900000|100%| O|  |TAMS 0x0000000080900000, 0x0000000080800000| Untracked 
|   9|0x0000000080900000, 0x0000000080a00000, 0x0000000080a00000|100%| O|  |TAMS 0x0000000080a00000, 0x0000000080900000| Untracked 
|  10|0x0000000080a00000, 0x0000000080b00000, 0x0000000080b00000|100%| O|  |TAMS 0x0000000080b00000, 0x0000000080a00000| Untracked 
|  11|0x0000000080b00000, 0x0000000080c00000, 0x0000000080c00000|100%| O|  |TAMS 0x0000000080c00000, 0x0000000080b00000| Untracked 
|  12|0x0000000080c00000, 0x0000000080d00000, 0x0000000080d00000|100%| O|  |TAMS 0x0000000080d00000, 0x0000000080c00000| Untracked 
|  13|0x0000000080d00000, 0x0000000080e00000, 0x0000000080e00000|100%| O|  |TAMS 0x0000000080e00000, 0x0000000080d00000| Untracked 
|  14|0x0000000080e00000, 0x0000000080f00000, 0x0000000080f00000|100%| O|  |TAMS 0x0000000080f00000, 0x0000000080e00000| Untracked 
|  15|0x0000000080f00000, 0x0000000081000000, 0x0000000081000000|100%| O|  |TAMS 0x0000000081000000, 0x0000000080f00000| Untracked 
|  16|0x0000000081000000, 0x0000000081100000, 0x0000000081100000|100%| O|  |TAMS 0x0000000081100000, 0x0000000081000000| Untracked 
|  17|0x0000000081100000, 0x0000000081200000, 0x0000000081200000|100%| O|  |TAMS 0x0000000081200000, 0x0000000081100000| Untracked 
|  18|0x0000000081200000, 0x0000000081300000, 0x0000000081300000|100%| O|  |TAMS 0x0000000081300000, 0x0000000081200000| Untracked 
|  19|0x0000000081300000, 0x0000000081400000, 0x0000000081400000|100%| O|  |TAMS 0x0000000081400000, 0x0000000081300000| Untracked 
|  20|0x0000000081400000, 0x0000000081500000, 0x0000000081500000|100%| O|  |TAMS 0x0000000081500000, 0x0000000081400000| Untracked 
|  21|0x0000000081500000, 0x0000000081600000, 0x0000000081600000|100%| O|  |TAMS 0x0000000081600000, 0x0000000081500000| Untracked 
|  22|0x0000000081600000, 0x0000000081700000, 0x0000000081700000|100%| O|  |TAMS 0x0000000081700000, 0x0000000081600000| Untracked 
|  23|0x0000000081700000, 0x0000000081800000, 0x0000000081800000|100%| O|  |TAMS 0x0000000081800000, 0x0000000081700000| Untracked 
|  24|0x0000000081800000, 0x0000000081900000, 0x0000000081900000|100%| O|  |TAMS 0x0000000081900000, 0x0000000081800000| Untracked 
|  25|0x0000000081900000, 0x0000000081a00000, 0x0000000081a00000|100%| O|  |TAMS 0x0000000081a00000, 0x0000000081900000| Untracked 
|  26|0x0000000081a00000, 0x0000000081b00000, 0x0000000081b00000|100%| O|  |TAMS 0x0000000081b00000, 0x0000000081a00000| Untracked 
|  27|0x0000000081b00000, 0x0000000081c00000, 0x0000000081c00000|100%| O|  |TAMS 0x0000000081c00000, 0x0000000081b00000| Untracked 
|  28|0x0000000081c00000, 0x0000000081d00000, 0x0000000081d00000|100%| O|  |TAMS 0x0000000081d00000, 0x0000000081c00000| Untracked 
|  29|0x0000000081d00000, 0x0000000081e00000, 0x0000000081e00000|100%|HS|  |TAMS 0x0000000081e00000, 0x0000000081d00000| Complete 
|  30|0x0000000081e00000, 0x0000000081f00000, 0x0000000081f00000|100%|HS|  |TAMS 0x0000000081f00000, 0x0000000081e00000| Complete 
|  31|0x0000000081f00000, 0x0000000082000000, 0x0000000082000000|100%|HC|  |TAMS 0x0000000082000000, 0x0000000081f00000| Complete 
|  32|0x0000000082000000, 0x0000000082100000, 0x0000000082100000|100%|HC|  |TAMS 0x0000000082100000, 0x0000000082000000| Complete 
|  33|0x0000000082100000, 0x0000000082200000, 0x0000000082200000|100%| O|  |TAMS 0x0000000082200000, 0x0000000082100000| Untracked 
|  34|0x0000000082200000, 0x0000000082300000, 0x0000000082300000|100%| O|  |TAMS 0x0000000082300000, 0x0000000082200000| Untracked 
|  35|0x0000000082300000, 0x0000000082400000, 0x0000000082400000|100%| O|  |TAMS 0x0000000082400000, 0x0000000082300000| Untracked 
|  36|0x0000000082400000, 0x0000000082500000, 0x0000000082500000|100%| O|  |TAMS 0x0000000082500000, 0x0000000082400000| Untracked 
|  37|0x0000000082500000, 0x0000000082600000, 0x0000000082600000|100%| O|  |TAMS 0x0000000082600000, 0x0000000082500000| Untracked 
|  38|0x0000000082600000, 0x0000000082700000, 0x0000000082700000|100%| O|  |TAMS 0x0000000082700000, 0x0000000082600000| Untracked 
|  39|0x0000000082700000, 0x0000000082800000, 0x0000000082800000|100%| O|  |TAMS 0x0000000082800000, 0x0000000082700000| Untracked 
|  40|0x0000000082800000, 0x0000000082900000, 0x0000000082900000|100%| O|  |TAMS 0x0000000082900000, 0x0000000082800000| Untracked 
|  41|0x0000000082900000, 0x0000000082a00000, 0x0000000082a00000|100%| O|  |TAMS 0x00000000829dc800, 0x0000000082900000| Untracked 
|  42|0x0000000082a00000, 0x0000000082b00000, 0x0000000082b00000|100%| O|  |TAMS 0x0000000082a00000, 0x0000000082a00000| Untracked 
|  43|0x0000000082b00000, 0x0000000082c00000, 0x0000000082c00000|100%| O|  |TAMS 0x0000000082b00000, 0x0000000082b00000| Untracked 
|  44|0x0000000082c00000, 0x0000000082d00000, 0x0000000082d00000|100%|HS|  |TAMS 0x0000000082c00000, 0x0000000082c00000| Complete 
|  45|0x0000000082d00000, 0x0000000082e00000, 0x0000000082e00000|100%|HS|  |TAMS 0x0000000082d00000, 0x0000000082d00000| Complete 
|  46|0x0000000082e00000, 0x0000000082f00000, 0x0000000082f00000|100%| O|  |TAMS 0x0000000082e00000, 0x0000000082e00000| Untracked 
|  47|0x0000000082f00000, 0x0000000083000000, 0x0000000083000000|100%| O|  |TAMS 0x0000000082f00000, 0x0000000082f00000| Untracked 
|  48|0x0000000083000000, 0x0000000083100000, 0x0000000083100000|100%| O|  |TAMS 0x0000000083000000, 0x0000000083000000| Untracked 
|  49|0x0000000083100000, 0x0000000083200000, 0x0000000083200000|100%| O|  |TAMS 0x0000000083100000, 0x0000000083100000| Untracked 
|  50|0x0000000083200000, 0x0000000083300000, 0x0000000083300000|100%| O|  |TAMS 0x0000000083200000, 0x0000000083200000| Untracked 
|  51|0x0000000083300000, 0x0000000083400000, 0x0000000083400000|100%| O|  |TAMS 0x0000000083300000, 0x0000000083300000| Untracked 
|  52|0x0000000083400000, 0x0000000083500000, 0x0000000083500000|100%| O|  |TAMS 0x0000000083400000, 0x0000000083400000| Untracked 
|  53|0x0000000083500000, 0x0000000083600000, 0x0000000083600000|100%| O|  |TAMS 0x0000000083500000, 0x0000000083500000| Untracked 
|  54|0x0000000083600000, 0x0000000083700000, 0x0000000083700000|100%| O|  |TAMS 0x0000000083600000, 0x0000000083600000| Untracked 
|  55|0x0000000083700000, 0x0000000083800000, 0x0000000083800000|100%|HS|  |TAMS 0x0000000083700000, 0x0000000083700000| Complete 
|  56|0x0000000083800000, 0x0000000083900000, 0x0000000083900000|100%|HC|  |TAMS 0x0000000083800000, 0x0000000083800000| Complete 
|  57|0x0000000083900000, 0x0000000083a00000, 0x0000000083a00000|100%| O|  |TAMS 0x0000000083900000, 0x0000000083900000| Untracked 
|  58|0x0000000083a00000, 0x0000000083b00000, 0x0000000083b00000|100%| O|  |TAMS 0x0000000083a00000, 0x0000000083a00000| Untracked 
|  59|0x0000000083b00000, 0x0000000083c00000, 0x0000000083c00000|100%| O|  |TAMS 0x0000000083b00000, 0x0000000083b00000| Untracked 
|  60|0x0000000083c00000, 0x0000000083d00000, 0x0000000083d00000|100%| O|  |TAMS 0x0000000083c00000, 0x0000000083c00000| Untracked 
|  61|0x0000000083d00000, 0x0000000083e00000, 0x0000000083e00000|100%| O|  |TAMS 0x0000000083d00000, 0x0000000083d00000| Untracked 
|  62|0x0000000083e00000, 0x0000000083f00000, 0x0000000083f00000|100%| O|  |TAMS 0x0000000083e00000, 0x0000000083e00000| Untracked 
|  63|0x0000000083f00000, 0x0000000084000000, 0x0000000084000000|100%| O|  |TAMS 0x0000000083f00000, 0x0000000083f00000| Untracked 
|  64|0x0000000084000000, 0x0000000084100000, 0x0000000084100000|100%| O|  |TAMS 0x0000000084000000, 0x0000000084000000| Untracked 
|  65|0x0000000084100000, 0x0000000084200000, 0x0000000084200000|100%| O|  |TAMS 0x0000000084100000, 0x0000000084100000| Untracked 
|  66|0x0000000084200000, 0x0000000084300000, 0x0000000084300000|100%| O|  |TAMS 0x0000000084200000, 0x0000000084200000| Untracked 
|  67|0x0000000084300000, 0x0000000084400000, 0x0000000084400000|100%| O|  |TAMS 0x0000000084300000, 0x0000000084300000| Untracked 
|  68|0x0000000084400000, 0x0000000084500000, 0x0000000084500000|100%| O|  |TAMS 0x0000000084400000, 0x0000000084400000| Untracked 
|  69|0x0000000084500000, 0x0000000084600000, 0x0000000084600000|100%| O|  |TAMS 0x0000000084500000, 0x0000000084500000| Untracked 
|  70|0x0000000084600000, 0x0000000084700000, 0x0000000084700000|100%| O|  |TAMS 0x0000000084600000, 0x0000000084600000| Untracked 
|  71|0x0000000084700000, 0x0000000084800000, 0x0000000084800000|100%| O|  |TAMS 0x0000000084700000, 0x0000000084700000| Untracked 
|  72|0x0000000084800000, 0x0000000084800000, 0x0000000084900000|  0%| F|  |TAMS 0x0000000084800000, 0x0000000084800000| Untracked 
|  73|0x0000000084900000, 0x0000000084900000, 0x0000000084a00000|  0%| F|  |TAMS 0x0000000084900000, 0x0000000084900000| Untracked 
|  74|0x0000000084a00000, 0x0000000084a00000, 0x0000000084b00000|  0%| F|  |TAMS 0x0000000084a00000, 0x0000000084a00000| Untracked 
|  75|0x0000000084b00000, 0x0000000084b00000, 0x0000000084c00000|  0%| F|  |TAMS 0x0000000084b00000, 0x0000000084b00000| Untracked 
|  76|0x0000000084c00000, 0x0000000084c00000, 0x0000000084d00000|  0%| F|  |TAMS 0x0000000084c00000, 0x0000000084c00000| Untracked 
|  77|0x0000000084d00000, 0x0000000084d00000, 0x0000000084e00000|  0%| F|  |TAMS 0x0000000084d00000, 0x0000000084d00000| Untracked 
|  78|0x0000000084e00000, 0x0000000084e00000, 0x0000000084f00000|  0%| F|  |TAMS 0x0000000084e00000, 0x0000000084e00000| Untracked 
|  79|0x0000000084f00000, 0x0000000084f00000, 0x0000000085000000|  0%| F|  |TAMS 0x0000000084f00000, 0x0000000084f00000| Untracked 
|  80|0x0000000085000000, 0x0000000085000000, 0x0000000085100000|  0%| F|  |TAMS 0x0000000085000000, 0x0000000085000000| Untracked 
|  81|0x0000000085100000, 0x0000000085100000, 0x0000000085200000|  0%| F|  |TAMS 0x0000000085100000, 0x0000000085100000| Untracked 
|  82|0x0000000085200000, 0x0000000085200000, 0x0000000085300000|  0%| F|  |TAMS 0x0000000085200000, 0x0000000085200000| Untracked 
|  83|0x0000000085300000, 0x0000000085300000, 0x0000000085400000|  0%| F|  |TAMS 0x0000000085300000, 0x0000000085300000| Untracked 
|  84|0x0000000085400000, 0x0000000085400000, 0x0000000085500000|  0%| F|  |TAMS 0x0000000085400000, 0x0000000085400000| Untracked 
|  85|0x0000000085500000, 0x0000000085500000, 0x0000000085600000|  0%| F|  |TAMS 0x0000000085500000, 0x0000000085500000| Untracked 
|  86|0x0000000085600000, 0x0000000085600000, 0x0000000085700000|  0%| F|  |TAMS 0x0000000085600000, 0x0000000085600000| Untracked 
|  87|0x0000000085700000, 0x0000000085700000, 0x0000000085800000|  0%| F|  |TAMS 0x0000000085700000, 0x0000000085700000| Untracked 
|  88|0x0000000085800000, 0x0000000085800000, 0x0000000085900000|  0%| F|  |TAMS 0x0000000085800000, 0x0000000085800000| Untracked 
|  89|0x0000000085900000, 0x0000000085900000, 0x0000000085a00000|  0%| F|  |TAMS 0x0000000085900000, 0x0000000085900000| Untracked 
|  90|0x0000000085a00000, 0x0000000085a00000, 0x0000000085b00000|  0%| F|  |TAMS 0x0000000085a00000, 0x0000000085a00000| Untracked 
|  91|0x0000000085b00000, 0x0000000085b00000, 0x0000000085c00000|  0%| F|  |TAMS 0x0000000085b00000, 0x0000000085b00000| Untracked 
|  92|0x0000000085c00000, 0x0000000085c00000, 0x0000000085d00000|  0%| F|  |TAMS 0x0000000085c00000, 0x0000000085c00000| Untracked 
|  93|0x0000000085d00000, 0x0000000085d00000, 0x0000000085e00000|  0%| F|  |TAMS 0x0000000085d00000, 0x0000000085d00000| Untracked 
|  94|0x0000000085e00000, 0x0000000085e00000, 0x0000000085f00000|  0%| F|  |TAMS 0x0000000085e00000, 0x0000000085e00000| Untracked 
|  95|0x0000000085f00000, 0x0000000086000000, 0x0000000086000000|100%| E|CS|TAMS 0x0000000085f00000, 0x0000000085f00000| Complete 
|  96|0x0000000086000000, 0x0000000086100000, 0x0000000086100000|100%| E|CS|TAMS 0x0000000086000000, 0x0000000086000000| Complete 
|  97|0x0000000086100000, 0x0000000086200000, 0x0000000086200000|100%| E|CS|TAMS 0x0000000086100000, 0x0000000086100000| Complete 
|  98|0x0000000086200000, 0x0000000086300000, 0x0000000086300000|100%| E|CS|TAMS 0x0000000086200000, 0x0000000086200000| Complete 
|  99|0x0000000086300000, 0x0000000086400000, 0x0000000086400000|100%| E|CS|TAMS 0x0000000086300000, 0x0000000086300000| Complete 
| 100|0x0000000086400000, 0x0000000086500000, 0x0000000086500000|100%| E|CS|TAMS 0x0000000086400000, 0x0000000086400000| Complete 
| 101|0x0000000086500000, 0x0000000086600000, 0x0000000086600000|100%| E|CS|TAMS 0x0000000086500000, 0x0000000086500000| Complete 
| 102|0x0000000086600000, 0x0000000086700000, 0x0000000086700000|100%| S|  |TAMS 0x0000000086600000, 0x0000000086600000| Complete 
| 103|0x0000000086700000, 0x0000000086800000, 0x0000000086800000|100%| S|  |TAMS 0x0000000086700000, 0x0000000086700000| Complete 
| 104|0x0000000086800000, 0x0000000086900000, 0x0000000086900000|100%| S|  |TAMS 0x0000000086800000, 0x0000000086800000| Complete 
| 105|0x0000000086900000, 0x0000000086a00000, 0x0000000086a00000|100%| E|CS|TAMS 0x0000000086900000, 0x0000000086900000| Complete 
| 106|0x0000000086a00000, 0x0000000086b00000, 0x0000000086b00000|100%| S|  |TAMS 0x0000000086a00000, 0x0000000086a00000| Complete 
| 107|0x0000000086b00000, 0x0000000086c00000, 0x0000000086c00000|100%| S|  |TAMS 0x0000000086b00000, 0x0000000086b00000| Complete 
| 108|0x0000000086c00000, 0x0000000086d00000, 0x0000000086d00000|100%| E|CS|TAMS 0x0000000086c00000, 0x0000000086c00000| Complete 
| 109|0x0000000086d00000, 0x0000000086e00000, 0x0000000086e00000|100%| E|CS|TAMS 0x0000000086d00000, 0x0000000086d00000| Complete 
| 110|0x0000000086e00000, 0x0000000086f00000, 0x0000000086f00000|100%| E|CS|TAMS 0x0000000086e00000, 0x0000000086e00000| Complete 
| 111|0x0000000086f00000, 0x0000000087000000, 0x0000000087000000|100%| E|CS|TAMS 0x0000000086f00000, 0x0000000086f00000| Complete 
| 112|0x0000000087000000, 0x0000000087100000, 0x0000000087100000|100%| E|CS|TAMS 0x0000000087000000, 0x0000000087000000| Complete 
| 113|0x0000000087100000, 0x0000000087200000, 0x0000000087200000|100%| E|CS|TAMS 0x0000000087100000, 0x0000000087100000| Complete 
| 114|0x0000000087200000, 0x0000000087300000, 0x0000000087300000|100%| E|CS|TAMS 0x0000000087200000, 0x0000000087200000| Complete 
| 115|0x0000000087300000, 0x0000000087400000, 0x0000000087400000|100%| E|CS|TAMS 0x0000000087300000, 0x0000000087300000| Complete 
| 116|0x0000000087400000, 0x0000000087500000, 0x0000000087500000|100%| E|CS|TAMS 0x0000000087400000, 0x0000000087400000| Complete 
| 117|0x0000000087500000, 0x0000000087600000, 0x0000000087600000|100%| E|CS|TAMS 0x0000000087500000, 0x0000000087500000| Complete 
| 118|0x0000000087600000, 0x0000000087700000, 0x0000000087700000|100%| E|CS|TAMS 0x0000000087600000, 0x0000000087600000| Complete 
| 119|0x0000000087700000, 0x0000000087800000, 0x0000000087800000|100%| E|CS|TAMS 0x0000000087700000, 0x0000000087700000| Complete 
| 120|0x0000000087800000, 0x0000000087900000, 0x0000000087900000|100%| E|CS|TAMS 0x0000000087800000, 0x0000000087800000| Complete 
| 121|0x0000000087900000, 0x0000000087a00000, 0x0000000087a00000|100%| E|CS|TAMS 0x0000000087900000, 0x0000000087900000| Complete 
| 122|0x0000000087a00000, 0x0000000087b00000, 0x0000000087b00000|100%| E|CS|TAMS 0x0000000087a00000, 0x0000000087a00000| Complete 
| 123|0x0000000087b00000, 0x0000000087c00000, 0x0000000087c00000|100%| E|CS|TAMS 0x0000000087b00000, 0x0000000087b00000| Complete 
| 124|0x0000000087c00000, 0x0000000087d00000, 0x0000000087d00000|100%| E|CS|TAMS 0x0000000087c00000, 0x0000000087c00000| Complete 
| 125|0x0000000087d00000, 0x0000000087e00000, 0x0000000087e00000|100%| E|CS|TAMS 0x0000000087d00000, 0x0000000087d00000| Complete 
| 126|0x0000000087e00000, 0x0000000087f00000, 0x0000000087f00000|100%| E|CS|TAMS 0x0000000087e00000, 0x0000000087e00000| Complete 
| 127|0x0000000087f00000, 0x0000000088000000, 0x0000000088000000|100%| E|CS|TAMS 0x0000000087f00000, 0x0000000087f00000| Complete 
| 128|0x0000000088000000, 0x0000000088100000, 0x0000000088100000|100%| E|CS|TAMS 0x0000000088000000, 0x0000000088000000| Complete 
| 129|0x0000000088100000, 0x0000000088200000, 0x0000000088200000|100%| E|CS|TAMS 0x0000000088100000, 0x0000000088100000| Complete 
| 130|0x0000000088200000, 0x0000000088300000, 0x0000000088300000|100%| E|CS|TAMS 0x0000000088200000, 0x0000000088200000| Complete 
| 131|0x0000000088300000, 0x0000000088400000, 0x0000000088400000|100%| E|CS|TAMS 0x0000000088300000, 0x0000000088300000| Complete 
| 132|0x0000000088400000, 0x0000000088500000, 0x0000000088500000|100%| E|CS|TAMS 0x0000000088400000, 0x0000000088400000| Complete 
| 133|0x0000000088500000, 0x0000000088600000, 0x0000000088600000|100%| E|CS|TAMS 0x0000000088500000, 0x0000000088500000| Complete 
| 134|0x0000000088600000, 0x0000000088700000, 0x0000000088700000|100%| E|CS|TAMS 0x0000000088600000, 0x0000000088600000| Complete 
| 135|0x0000000088700000, 0x0000000088800000, 0x0000000088800000|100%| E|CS|TAMS 0x0000000088700000, 0x0000000088700000| Complete 
| 136|0x0000000088800000, 0x0000000088900000, 0x0000000088900000|100%| E|CS|TAMS 0x0000000088800000, 0x0000000088800000| Complete 
| 137|0x0000000088900000, 0x0000000088a00000, 0x0000000088a00000|100%| E|CS|TAMS 0x0000000088900000, 0x0000000088900000| Complete 
| 138|0x0000000088a00000, 0x0000000088b00000, 0x0000000088b00000|100%| E|CS|TAMS 0x0000000088a00000, 0x0000000088a00000| Complete 
| 139|0x0000000088b00000, 0x0000000088c00000, 0x0000000088c00000|100%| E|CS|TAMS 0x0000000088b00000, 0x0000000088b00000| Complete 
| 140|0x0000000088c00000, 0x0000000088d00000, 0x0000000088d00000|100%| E|CS|TAMS 0x0000000088c00000, 0x0000000088c00000| Complete 
| 141|0x0000000088d00000, 0x0000000088e00000, 0x0000000088e00000|100%| E|CS|TAMS 0x0000000088d00000, 0x0000000088d00000| Complete 
| 142|0x0000000088e00000, 0x0000000088f00000, 0x0000000088f00000|100%| E|CS|TAMS 0x0000000088e00000, 0x0000000088e00000| Complete 
| 143|0x0000000088f00000, 0x0000000089000000, 0x0000000089000000|100%| E|CS|TAMS 0x0000000088f00000, 0x0000000088f00000| Complete 
| 144|0x0000000089000000, 0x0000000089100000, 0x0000000089100000|100%| E|CS|TAMS 0x0000000089000000, 0x0000000089000000| Complete 
| 145|0x0000000089100000, 0x0000000089200000, 0x0000000089200000|100%| E|CS|TAMS 0x0000000089100000, 0x0000000089100000| Complete 
| 146|0x0000000089200000, 0x0000000089300000, 0x0000000089300000|100%| E|CS|TAMS 0x0000000089200000, 0x0000000089200000| Complete 
| 147|0x0000000089300000, 0x0000000089400000, 0x0000000089400000|100%| E|CS|TAMS 0x0000000089300000, 0x0000000089300000| Complete 
| 148|0x0000000089400000, 0x0000000089500000, 0x0000000089500000|100%| E|CS|TAMS 0x0000000089400000, 0x0000000089400000| Complete 
| 149|0x0000000089500000, 0x0000000089600000, 0x0000000089600000|100%| E|CS|TAMS 0x0000000089500000, 0x0000000089500000| Complete 
| 150|0x0000000089600000, 0x0000000089700000, 0x0000000089700000|100%| E|CS|TAMS 0x0000000089600000, 0x0000000089600000| Complete 
| 151|0x0000000089700000, 0x0000000089800000, 0x0000000089800000|100%| E|CS|TAMS 0x0000000089700000, 0x0000000089700000| Complete 
| 152|0x0000000089800000, 0x0000000089900000, 0x0000000089900000|100%| E|CS|TAMS 0x0000000089800000, 0x0000000089800000| Complete 
| 153|0x0000000089900000, 0x0000000089a00000, 0x0000000089a00000|100%| E|CS|TAMS 0x0000000089900000, 0x0000000089900000| Complete 
| 154|0x0000000089a00000, 0x0000000089b00000, 0x0000000089b00000|100%| E|CS|TAMS 0x0000000089a00000, 0x0000000089a00000| Complete 
| 155|0x0000000089b00000, 0x0000000089c00000, 0x0000000089c00000|100%| E|CS|TAMS 0x0000000089b00000, 0x0000000089b00000| Complete 
| 156|0x0000000089c00000, 0x0000000089d00000, 0x0000000089d00000|100%| E|CS|TAMS 0x0000000089c00000, 0x0000000089c00000| Complete 
| 157|0x0000000089d00000, 0x0000000089e00000, 0x0000000089e00000|100%| E|CS|TAMS 0x0000000089d00000, 0x0000000089d00000| Complete 
| 158|0x0000000089e00000, 0x0000000089f00000, 0x0000000089f00000|100%| E|CS|TAMS 0x0000000089e00000, 0x0000000089e00000| Complete 
| 159|0x0000000089f00000, 0x000000008a000000, 0x000000008a000000|100%| E|CS|TAMS 0x0000000089f00000, 0x0000000089f00000| Complete 
| 160|0x000000008a000000, 0x000000008a100000, 0x000000008a100000|100%| E|CS|TAMS 0x000000008a000000, 0x000000008a000000| Complete 
| 161|0x000000008a100000, 0x000000008a200000, 0x000000008a200000|100%| E|CS|TAMS 0x000000008a100000, 0x000000008a100000| Complete 
| 162|0x000000008a200000, 0x000000008a300000, 0x000000008a300000|100%| E|CS|TAMS 0x000000008a200000, 0x000000008a200000| Complete 
| 163|0x000000008a300000, 0x000000008a400000, 0x000000008a400000|100%| E|CS|TAMS 0x000000008a300000, 0x000000008a300000| Complete 

Card table byte_map: [0x000001f24dbc0000,0x000001f24dfc0000] _byte_map_base: 0x000001f24d7c0000

Marking Bits (Prev, Next): (CMBitMap*) 0x000001f234244118, (CMBitMap*) 0x000001f234244150
 Prev Bits: [0x000001f24e3c0000, 0x000001f2503c0000)
 Next Bits: [0x000001f2503c0000, 0x000001f2523c0000)

Polling page: 0x000001f234050000

Metaspace:

Usage:
  Non-class:     83.93 MB capacity,    82.55 MB ( 98%) used,     1.12 MB (  1%) free+waste,   268.19 KB ( <1%) overhead. 
      Class:     13.45 MB capacity,    12.52 MB ( 93%) used,   825.91 KB (  6%) free+waste,   125.00 KB ( <1%) overhead. 
       Both:     97.38 MB capacity,    95.07 MB ( 98%) used,     1.92 MB (  2%) free+waste,   393.19 KB ( <1%) overhead. 

Virtual space:
  Non-class space:       86.00 MB reserved,      83.96 MB ( 98%) committed 
      Class space:      504.00 MB reserved,      13.50 MB (  3%) committed 
             Both:      590.00 MB reserved,      97.46 MB ( 17%) committed 

Chunk freelists:
   Non-Class:  24.00 KB
       Class:  21.00 KB
        Both:  45.00 KB

MaxMetaspaceSize: 512.00 MB
CompressedClassSpaceSize: 504.00 MB
Initial GC threshold: 20.80 MB
Current GC threshold: 107.64 MB
CDS: off

CodeHeap 'non-profiled nmethods': size=120064Kb used=5859Kb max_used=5859Kb free=114204Kb
 bounds [0x000001f245c60000, 0x000001f246220000, 0x000001f24d1a0000]
CodeHeap 'profiled nmethods': size=120000Kb used=21117Kb max_used=21117Kb free=98882Kb
 bounds [0x000001f23e730000, 0x000001f23fbd0000, 0x000001f245c60000]
CodeHeap 'non-nmethods': size=5696Kb used=2411Kb max_used=2476Kb free=3284Kb
 bounds [0x000001f23e1a0000, 0x000001f23e420000, 0x000001f23e730000]
 total_blobs=10624 nmethods=9678 adapters=856
 compilation: enabled
              stopped_count=0, restarted_count=0
 full_count=0

Compilation events (20 events):
Event: 37.842 Thread 0x000001f2549e5000 9777   !   3       jdk.internal.loader.BuiltinClassLoader::findMiscResource (118 bytes)
Event: 37.844 Thread 0x000001f2549e5000 nmethod 9777 0x000001f23fbc7a90 code [0x000001f23fbc7d40, 0x000001f23fbc8e78]
Event: 37.844 Thread 0x000001f2549e5000 9778   !   3       jdk.internal.loader.URLClassPath::checkURL (16 bytes)
Event: 37.844 Thread 0x000001f2549e5000 nmethod 9778 0x000001f23fbc9310 code [0x000001f23fbc94c0, 0x000001f23fbc9668]
Event: 37.848 Thread 0x000001f2549e5000 9779       3       sun.net.www.protocol.jar.JarURLConnection::getUseCaches (8 bytes)
Event: 37.848 Thread 0x000001f2549e5000 nmethod 9779 0x000001f23fbc9710 code [0x000001f23fbc98c0, 0x000001f23fbc9a88]
Event: 37.858 Thread 0x000001f2549e5000 9780       3       java.util.jar.JarFile::getManEntry (91 bytes)
Event: 37.860 Thread 0x000001f2549e5000 nmethod 9780 0x000001f23fbc9b90 code [0x000001f23fbc9e60, 0x000001f23fbcad98]
Event: 37.862 Thread 0x000001f2549e5000 9781   !   3       jdk.internal.loader.BuiltinClassLoader::findResource (154 bytes)
Event: 37.865 Thread 0x000001f2549e5000 nmethod 9781 0x000001f23fbcb290 code [0x000001f23fbcb600, 0x000001f23fbcc9e8]
Event: 37.867 Thread 0x000001f2549e5000 9782       3       java.lang.ModuleLayer::boot (4 bytes)
Event: 37.867 Thread 0x000001f2549e5000 nmethod 9782 0x000001f23fbcd210 code [0x000001f23fbcd3c0, 0x000001f23fbcd4b8]
Event: 37.961 Thread 0x000001f2549e5000 9783       3       java.lang.StackTraceElement::<init> (10 bytes)
Event: 37.961 Thread 0x000001f2549e5000 nmethod 9783 0x000001f23fbcd510 code [0x000001f23fbcd6c0, 0x000001f23fbcd818]
Event: 37.961 Thread 0x000001f2549e5000 9784  s!   3       java.lang.StackTraceElement::computeFormat (71 bytes)
Event: 37.963 Thread 0x000001f2549e5000 nmethod 9784 0x000001f23fbcd910 code [0x000001f23fbcdb40, 0x000001f23fbce478]
Event: 37.963 Thread 0x000001f2549e5000 9785       3       java.lang.StackTraceElement::isHashedInJavaBase (31 bytes)
Event: 37.963 Thread 0x000001f2549e5000 nmethod 9785 0x000001f23fbce710 code [0x000001f23fbce920, 0x000001f23fbcedf8]
Event: 37.963 Thread 0x000001f2549e5000 9786       3       java.lang.Module::getLayer (43 bytes)
Event: 37.964 Thread 0x000001f2549e5000 nmethod 9786 0x000001f23fbcef90 code [0x000001f23fbcf180, 0x000001f23fbcf508]

GC Heap History (20 events):
Event: 17.769 GC heap after
{Heap after GC invocations=14 (full 0):
 garbage-first heap   total 115712K, used 34165K [0x0000000080000000, 0x0000000100000000)
  region size 1024K, 5 young (5120K), 5 survivors (5120K)
 Metaspace       used 53059K, capacity 54356K, committed 54608K, reserved 565248K
  class space    used 6764K, capacity 7325K, committed 7424K, reserved 516096K
}
Event: 19.834 GC heap before
{Heap before GC invocations=14 (full 0):
 garbage-first heap   total 115712K, used 80245K [0x0000000080000000, 0x0000000100000000)
  region size 1024K, 47 young (48128K), 5 survivors (5120K)
 Metaspace       used 58691K, capacity 60157K, committed 60240K, reserved 569344K
  class space    used 7478K, capacity 8125K, committed 8192K, reserved 516096K
}
Event: 19.861 GC heap after
{Heap after GC invocations=15 (full 0):
 garbage-first heap   total 139264K, used 42873K [0x0000000080000000, 0x0000000100000000)
  region size 1024K, 7 young (7168K), 7 survivors (7168K)
 Metaspace       used 58691K, capacity 60157K, committed 60240K, reserved 569344K
  class space    used 7478K, capacity 8125K, committed 8192K, reserved 516096K
}
Event: 21.496 GC heap before
{Heap before GC invocations=16 (full 0):
 garbage-first heap   total 139264K, used 100217K [0x0000000080000000, 0x0000000100000000)
  region size 1024K, 63 young (64512K), 7 survivors (7168K)
 Metaspace       used 63853K, capacity 65472K, committed 65620K, reserved 573440K
  class space    used 8274K, capacity 8963K, committed 9088K, reserved 516096K
}
Event: 21.517 GC heap after
{Heap after GC invocations=17 (full 0):
 garbage-first heap   total 139264K, used 45204K [0x0000000080000000, 0x0000000100000000)
  region size 1024K, 3 young (3072K), 3 survivors (3072K)
 Metaspace       used 63853K, capacity 65472K, committed 65620K, reserved 573440K
  class space    used 8274K, capacity 8963K, committed 9088K, reserved 516096K
}
Event: 22.317 GC heap before
{Heap before GC invocations=18 (full 0):
 garbage-first heap   total 139264K, used 102548K [0x0000000080000000, 0x0000000100000000)
  region size 1024K, 59 young (60416K), 3 survivors (3072K)
 Metaspace       used 67838K, capacity 69506K, committed 69716K, reserved 577536K
  class space    used 8804K, capacity 9518K, committed 9600K, reserved 516096K
}
Event: 22.327 GC heap after
{Heap after GC invocations=19 (full 0):
 garbage-first heap   total 139264K, used 46221K [0x0000000080000000, 0x0000000100000000)
  region size 1024K, 4 young (4096K), 4 survivors (4096K)
 Metaspace       used 67838K, capacity 69506K, committed 69716K, reserved 577536K
  class space    used 8804K, capacity 9518K, committed 9600K, reserved 516096K
}
Event: 23.625 GC heap before
{Heap before GC invocations=19 (full 0):
 garbage-first heap   total 139264K, used 104589K [0x0000000080000000, 0x0000000100000000)
  region size 1024K, 61 young (62464K), 4 survivors (4096K)
 Metaspace       used 71364K, capacity 73368K, committed 73556K, reserved 581632K
  class space    used 9286K, capacity 10091K, committed 10112K, reserved 516096K
}
Event: 23.644 GC heap after
{Heap after GC invocations=20 (full 0):
 garbage-first heap   total 139264K, used 49010K [0x0000000080000000, 0x0000000100000000)
  region size 1024K, 6 young (6144K), 6 survivors (6144K)
 Metaspace       used 71364K, capacity 73368K, committed 73556K, reserved 581632K
  class space    used 9286K, capacity 10091K, committed 10112K, reserved 516096K
}
Event: 25.755 GC heap before
{Heap before GC invocations=20 (full 0):
 garbage-first heap   total 139264K, used 109426K [0x0000000080000000, 0x0000000100000000)
  region size 1024K, 66 young (67584K), 6 survivors (6144K)
 Metaspace       used 75634K, capacity 77688K, committed 77780K, reserved 583680K
  class space    used 9838K, capacity 10705K, committed 10752K, reserved 516096K
}
Event: 25.777 GC heap after
{Heap after GC invocations=21 (full 0):
 garbage-first heap   total 139264K, used 53367K [0x0000000080000000, 0x0000000100000000)
  region size 1024K, 9 young (9216K), 9 survivors (9216K)
 Metaspace       used 75634K, capacity 77688K, committed 77780K, reserved 583680K
  class space    used 9838K, capacity 10705K, committed 10752K, reserved 516096K
}
Event: 27.788 GC heap before
{Heap before GC invocations=21 (full 0):
 garbage-first heap   total 139264K, used 111735K [0x0000000080000000, 0x0000000100000000)
  region size 1024K, 64 young (65536K), 9 survivors (9216K)
 Metaspace       used 79794K, capacity 82018K, committed 82260K, reserved 587776K
  class space    used 10363K, capacity 11283K, committed 11392K, reserved 516096K
}
Event: 27.819 GC heap after
{Heap after GC invocations=22 (full 0):
 garbage-first heap   total 167936K, used 61423K [0x0000000080000000, 0x0000000100000000)
  region size 1024K, 7 young (7168K), 7 survivors (7168K)
 Metaspace       used 79794K, capacity 82018K, committed 82260K, reserved 587776K
  class space    used 10363K, capacity 11283K, committed 11392K, reserved 516096K
}
Event: 29.670 GC heap before
{Heap before GC invocations=22 (full 0):
 garbage-first heap   total 167936K, used 134127K [0x0000000080000000, 0x0000000100000000)
  region size 1024K, 69 young (70656K), 7 survivors (7168K)
 Metaspace       used 85563K, capacity 87900K, committed 88020K, reserved 593920K
  class space    used 11042K, capacity 11999K, committed 12032K, reserved 516096K
}
Event: 29.694 GC heap after
{Heap after GC invocations=23 (full 0):
 garbage-first heap   total 167936K, used 70758K [0x0000000080000000, 0x0000000100000000)
  region size 1024K, 7 young (7168K), 7 survivors (7168K)
 Metaspace       used 85563K, capacity 87900K, committed 88020K, reserved 593920K
  class space    used 11042K, capacity 11999K, committed 12032K, reserved 516096K
}
Event: 31.073 GC heap before
{Heap before GC invocations=23 (full 0):
 garbage-first heap   total 167936K, used 132198K [0x0000000080000000, 0x0000000100000000)
  region size 1024K, 66 young (67584K), 7 survivors (7168K)
 Metaspace       used 88671K, capacity 91019K, committed 91348K, reserved 595968K
  class space    used 11476K, capacity 12455K, committed 12544K, reserved 516096K
}
Event: 31.093 GC heap after
{Heap after GC invocations=24 (full 0):
 garbage-first heap   total 167936K, used 74850K [0x0000000080000000, 0x0000000100000000)
  region size 1024K, 5 young (5120K), 5 survivors (5120K)
 Metaspace       used 88671K, capacity 91019K, committed 91348K, reserved 595968K
  class space    used 11476K, capacity 12455K, committed 12544K, reserved 516096K
}
Event: 36.524 GC heap before
{Heap before GC invocations=24 (full 0):
 garbage-first heap   total 167936K, used 134242K [0x0000000080000000, 0x0000000100000000)
  region size 1024K, 63 young (64512K), 5 survivors (5120K)
 Metaspace       used 92482K, capacity 94749K, committed 95060K, reserved 600064K
  class space    used 12105K, capacity 13079K, committed 13184K, reserved 516096K
}
Event: 36.542 GC heap after
{Heap after GC invocations=25 (full 0):
 garbage-first heap   total 167936K, used 78848K [0x0000000080000000, 0x0000000100000000)
  region size 1024K, 8 young (8192K), 8 survivors (8192K)
 Metaspace       used 92482K, capacity 94749K, committed 95060K, reserved 600064K
  class space    used 12105K, capacity 13079K, committed 13184K, reserved 516096K
}
Event: 37.997 GC heap before
{Heap before GC invocations=25 (full 0):
 garbage-first heap   total 167936K, used 136192K [0x0000000080000000, 0x0000000100000000)
  region size 1024K, 64 young (65536K), 8 survivors (8192K)
 Metaspace       used 97355K, capacity 99719K, committed 99796K, reserved 604160K
  class space    used 12820K, capacity 13771K, committed 13824K, reserved 516096K
}

Deoptimization events (20 events):
Event: 37.287 Thread 0x000001f256dea000 Uncommon trap: trap_request=0xfffffff4 fr.pc=0x000001f2461dd0f4 relative=0x00000000000000d4
Event: 37.287 Thread 0x000001f256dea000 Uncommon trap: reason=null_check action=make_not_entrant pc=0x000001f2461dd0f4 method=org.gradle.tooling.internal.provider.runner.ClientBuildEventGenerator$Disabled.accept(Lorg/gradle/internal/operations/BuildOperationDescriptor;)Lorg/gradle/tooling/inter
Event: 37.287 Thread 0x000001f256dea000 DEOPT PACKING pc=0x000001f2461dd0f4 sp=0x000000df56af9140
Event: 37.287 Thread 0x000001f256dea000 DEOPT UNPACKING pc=0x000001f23e1ea1af sp=0x000000df56af90c8 mode 2
Event: 37.350 Thread 0x000001f256dea000 Uncommon trap: trap_request=0xffffff4d fr.pc=0x000001f24603ae2c relative=0x0000000000000d0c
Event: 37.350 Thread 0x000001f256dea000 Uncommon trap: reason=unstable_if action=reinterpret pc=0x000001f24603ae2c method=com.esotericsoftware.kryo.io.Input.readString()Ljava/lang/String; @ 28 c2
Event: 37.350 Thread 0x000001f256dea000 DEOPT PACKING pc=0x000001f24603ae2c sp=0x000000df56af8e70
Event: 37.350 Thread 0x000001f256dea000 DEOPT UNPACKING pc=0x000001f23e1ea1af sp=0x000000df56af8e48 mode 2
Event: 37.351 Thread 0x000001f256dea000 Uncommon trap: trap_request=0xffffff4d fr.pc=0x000001f245fbbf60 relative=0x00000000000001a0
Event: 37.351 Thread 0x000001f256dea000 Uncommon trap: reason=unstable_if action=reinterpret pc=0x000001f245fbbf60 method=com.esotericsoftware.kryo.io.Input.require(I)I @ 65 c2
Event: 37.351 Thread 0x000001f256dea000 DEOPT PACKING pc=0x000001f245fbbf60 sp=0x000000df56af8d30
Event: 37.351 Thread 0x000001f256dea000 DEOPT UNPACKING pc=0x000001f23e1ea1af sp=0x000000df56af8ce0 mode 2
Event: 37.385 Thread 0x000001f256dea000 Uncommon trap: trap_request=0xffffff4d fr.pc=0x000001f2460b840c relative=0x000000000000006c
Event: 37.385 Thread 0x000001f256dea000 Uncommon trap: reason=unstable_if action=reinterpret pc=0x000001f2460b840c method=com.google.common.cache.LocalCache.isExpired(Lcom/google/common/cache/ReferenceEntry;J)Z @ 9 c2
Event: 37.385 Thread 0x000001f256dea000 DEOPT PACKING pc=0x000001f2460b840c sp=0x000000df56af8ff0
Event: 37.385 Thread 0x000001f256dea000 DEOPT UNPACKING pc=0x000001f23e1ea1af sp=0x000000df56af8f80 mode 2
Event: 37.789 Thread 0x000001f256dea000 Uncommon trap: trap_request=0xffffff4d fr.pc=0x000001f2460b42b0 relative=0x0000000000000670
Event: 37.789 Thread 0x000001f256dea000 Uncommon trap: reason=unstable_if action=reinterpret pc=0x000001f2460b42b0 method=sun.nio.fs.WindowsPathParser.normalize(Ljava/lang/StringBuilder;Ljava/lang/String;I)Ljava/lang/String; @ 172 c2
Event: 37.789 Thread 0x000001f256dea000 DEOPT PACKING pc=0x000001f2460b42b0 sp=0x000000df56af8c50
Event: 37.789 Thread 0x000001f256dea000 DEOPT UNPACKING pc=0x000001f23e1ea1af sp=0x000000df56af8c20 mode 2

Classes redefined (0 events):
No events

Internal exceptions (20 events):
Event: 37.103 Thread 0x000001f256dea000 Exception <a 'java/lang/ClassNotFoundException'{0x0000000089153d78}: com/android/build/gradle/internal/api/ApkVariantOutputImplCustomizer> (0x0000000089153d78) thrown at [./src/hotspot/share/classfile/systemDictionary.cpp, line 230]
Event: 37.105 Thread 0x000001f256dea000 Exception <a 'java/lang/ClassNotFoundException'{0x000000008917e010}: com/android/build/gradle/internal/api/ApkVariantOutputImpl_DecoratedCustomizer> (0x000000008917e010) thrown at [./src/hotspot/share/classfile/systemDictionary.cpp, line 230]
Event: 37.134 Thread 0x000001f256dea000 Exception <a 'java/lang/ClassNotFoundException'{0x0000000088f94ef8}: com/android/build/gradle/internal/api/ApplicationVariantImpl_DecoratedBeanInfo> (0x0000000088f94ef8) thrown at [./src/hotspot/share/classfile/systemDictionary.cpp, line 230]
Event: 37.135 Thread 0x000001f256dea000 Exception <a 'java/lang/ClassNotFoundException'{0x0000000088fb1a08}: com/android/build/gradle/internal/api/ApplicationVariantImplBeanInfo> (0x0000000088fb1a08) thrown at [./src/hotspot/share/classfile/systemDictionary.cpp, line 230]
Event: 37.136 Thread 0x000001f256dea000 Exception <a 'java/lang/ClassNotFoundException'{0x0000000088fcd138}: com/android/build/gradle/internal/api/ApkVariantImplBeanInfo> (0x0000000088fcd138) thrown at [./src/hotspot/share/classfile/systemDictionary.cpp, line 230]
Event: 37.137 Thread 0x000001f256dea000 Exception <a 'java/lang/ClassNotFoundException'{0x0000000088fe9ee0}: com/android/build/gradle/internal/api/InstallableVariantImplBeanInfo> (0x0000000088fe9ee0) thrown at [./src/hotspot/share/classfile/systemDictionary.cpp, line 230]
Event: 37.138 Thread 0x000001f256dea000 Exception <a 'java/lang/ClassNotFoundException'{0x0000000088e081a0}: com/android/build/gradle/internal/api/AndroidArtifactVariantImplBeanInfo> (0x0000000088e081a0) thrown at [./src/hotspot/share/classfile/systemDictionary.cpp, line 230]
Event: 37.140 Thread 0x000001f256dea000 Exception <a 'java/lang/ClassNotFoundException'{0x0000000088e24c20}: com/android/build/gradle/internal/api/BaseVariantImplBeanInfo> (0x0000000088e24c20) thrown at [./src/hotspot/share/classfile/systemDictionary.cpp, line 230]
Event: 37.141 Thread 0x000001f256dea000 Exception <a 'java/lang/ClassNotFoundException'{0x0000000088e41b78}: com/android/build/gradle/internal/api/BaseVariantImplCustomizer> (0x0000000088e41b78) thrown at [./src/hotspot/share/classfile/systemDictionary.cpp, line 230]
Event: 37.144 Thread 0x000001f256dea000 Exception <a 'java/lang/ClassNotFoundException'{0x0000000088ea2540}: com/android/build/gradle/internal/api/AndroidArtifactVariantImplCustomizer> (0x0000000088ea2540) thrown at [./src/hotspot/share/classfile/systemDictionary.cpp, line 230]
Event: 37.146 Thread 0x000001f256dea000 Exception <a 'java/lang/ClassNotFoundException'{0x0000000088ed4708}: com/android/build/gradle/internal/api/InstallableVariantImplCustomizer> (0x0000000088ed4708) thrown at [./src/hotspot/share/classfile/systemDictionary.cpp, line 230]
Event: 37.148 Thread 0x000001f256dea000 Exception <a 'java/lang/ClassNotFoundException'{0x0000000088d0a738}: com/android/build/gradle/internal/api/ApkVariantImplCustomizer> (0x0000000088d0a738) thrown at [./src/hotspot/share/classfile/systemDictionary.cpp, line 230]
Event: 37.149 Thread 0x000001f256dea000 Exception <a 'java/lang/ClassNotFoundException'{0x0000000088d3e6b8}: com/android/build/gradle/internal/api/ApplicationVariantImplCustomizer> (0x0000000088d3e6b8) thrown at [./src/hotspot/share/classfile/systemDictionary.cpp, line 230]
Event: 37.151 Thread 0x000001f256dea000 Exception <a 'java/lang/ClassNotFoundException'{0x0000000088d77318}: com/android/build/gradle/internal/api/ApplicationVariantImpl_DecoratedCustomizer> (0x0000000088d77318) thrown at [./src/hotspot/share/classfile/systemDictionary.cpp, line 230]
Event: 37.161 Thread 0x000001f256dea000 Exception <a 'java/lang/ClassNotFoundException'{0x0000000088c536f0}: com/android/build/OutputFileBeanInfo> (0x0000000088c536f0) thrown at [./src/hotspot/share/classfile/systemDictionary.cpp, line 230]
Event: 37.162 Thread 0x000001f256dea000 Exception <a 'java/lang/ClassNotFoundException'{0x0000000088c6c2a0}: com/android/build/OutputFileCustomizer> (0x0000000088c6c2a0) thrown at [./src/hotspot/share/classfile/systemDictionary.cpp, line 230]
Event: 37.246 Thread 0x000001f256dea000 Exception <a 'java/lang/NoClassDefFoundError'{0x00000000889b5c80}: org/jetbrains/kotlin/gradle/plugin/KotlinBasePluginWrapper> (0x00000000889b5c80) thrown at [./src/hotspot/share/classfile/systemDictionary.cpp, line 219]
Event: 37.287 Thread 0x000001f256dea000 Implicit null exception at 0x000001f2461dd05b to 0x000001f2461dd0e8
Event: 37.709 Thread 0x000001f256dea000 Exception <a 'sun/nio/fs/WindowsException'{0x00000000877660f0}> (0x00000000877660f0) thrown at [./src/hotspot/share/prims/jni.cpp, line 617]
Event: 37.937 Thread 0x000001f256dea000 Exception <a 'java/lang/NullPointerException'{0x0000000086d25200}> (0x0000000086d25200) thrown at [./src/hotspot/share/interpreter/linkResolver.cpp, line 1440]

Events (20 events):
Event: 37.989 loading class com/sun/xml/bind/v2/model/impl/RuntimeBuiltinLeafInfoImpl$14 done
Event: 37.991 loading class com/sun/xml/bind/v2/model/impl/RuntimeBuiltinLeafInfoImpl$15
Event: 37.991 loading class com/sun/xml/bind/v2/model/impl/RuntimeBuiltinLeafInfoImpl$15 done
Event: 37.992 loading class com/sun/xml/bind/v2/model/impl/RuntimeBuiltinLeafInfoImpl$16
Event: 37.992 loading class com/sun/xml/bind/v2/model/impl/RuntimeBuiltinLeafInfoImpl$16 done
Event: 37.992 loading class com/sun/xml/bind/v2/model/impl/RuntimeBuiltinLeafInfoImpl$17
Event: 37.992 loading class com/sun/xml/bind/v2/model/impl/RuntimeBuiltinLeafInfoImpl$17 done
Event: 37.993 loading class com/sun/xml/bind/v2/model/impl/RuntimeBuiltinLeafInfoImpl$18
Event: 37.993 loading class com/sun/xml/bind/v2/model/impl/RuntimeBuiltinLeafInfoImpl$18 done
Event: 37.994 loading class com/sun/xml/bind/v2/model/impl/RuntimeBuiltinLeafInfoImpl$19
Event: 37.994 loading class com/sun/xml/bind/v2/model/impl/RuntimeBuiltinLeafInfoImpl$19 done
Event: 37.994 loading class com/sun/xml/bind/v2/model/impl/RuntimeBuiltinLeafInfoImpl$20
Event: 37.994 loading class com/sun/xml/bind/v2/model/impl/RuntimeBuiltinLeafInfoImpl$20 done
Event: 37.995 loading class com/sun/xml/bind/v2/model/impl/RuntimeBuiltinLeafInfoImpl$21
Event: 37.995 loading class com/sun/xml/bind/v2/model/impl/RuntimeBuiltinLeafInfoImpl$21 done
Event: 37.996 loading class com/sun/xml/bind/v2/model/impl/RuntimeBuiltinLeafInfoImpl$22
Event: 37.996 loading class com/sun/xml/bind/v2/model/impl/RuntimeBuiltinLeafInfoImpl$22 done
Event: 37.997 loading class com/sun/xml/bind/v2/model/impl/RuntimeBuiltinLeafInfoImpl$23
Event: 37.997 loading class com/sun/xml/bind/v2/model/impl/RuntimeBuiltinLeafInfoImpl$23 done
Event: 37.997 Executing VM operation: G1CollectForAllocation


Dynamic libraries:
0x00007ff6f26f0000 - 0x00007ff6f26fd000 	C:\Program Files\Microsoft\jdk-11.0.18.10-hotspot\bin\java.exe
0x00007ffe50070000 - 0x00007ffe50268000 	C:\Windows\SYSTEM32\ntdll.dll
0x00007ffe4f050000 - 0x00007ffe4f10f000 	C:\Windows\System32\KERNEL32.DLL
0x00007ffe4dae0000 - 0x00007ffe4ddb2000 	C:\Windows\System32\KERNELBASE.dll
0x00007ffe4d9e0000 - 0x00007ffe4dae0000 	C:\Windows\System32\ucrtbase.dll
0x00007ffe3db00000 - 0x00007ffe3db17000 	C:\Program Files\Microsoft\jdk-11.0.18.10-hotspot\bin\jli.dll
0x00007ffe46370000 - 0x00007ffe46385000 	C:\Program Files\Microsoft\jdk-11.0.18.10-hotspot\bin\VCRUNTIME140.dll
0x00007ffe4f510000 - 0x00007ffe4f6b1000 	C:\Windows\System32\USER32.dll
0x00007ffe3d7a0000 - 0x00007ffe3da3a000 	C:\Windows\WinSxS\amd64_microsoft.windows.common-controls_6595b64144ccf1df_6.0.19041.1110_none_60b5254171f9507e\COMCTL32.dll
0x00007ffe4de90000 - 0x00007ffe4deb2000 	C:\Windows\System32\win32u.dll
0x00007ffe4e2c0000 - 0x00007ffe4e35e000 	C:\Windows\System32\msvcrt.dll
0x00007ffe4e0b0000 - 0x00007ffe4e0db000 	C:\Windows\System32\GDI32.dll
0x00007ffe4d760000 - 0x00007ffe4d86f000 	C:\Windows\System32\gdi32full.dll
0x00007ffe4ddf0000 - 0x00007ffe4de8d000 	C:\Windows\System32\msvcp_win.dll
0x00007ffe4f4d0000 - 0x00007ffe4f502000 	C:\Windows\System32\IMM32.DLL
0x00007ffe1fa70000 - 0x00007ffe1fb0b000 	C:\Program Files\Microsoft\jdk-11.0.18.10-hotspot\bin\msvcp140.dll
0x00007ffdfaae0000 - 0x00007ffdfb672000 	C:\Program Files\Microsoft\jdk-11.0.18.10-hotspot\bin\server\jvm.dll
0x00007ffe4e8b0000 - 0x00007ffe4e95e000 	C:\Windows\System32\ADVAPI32.dll
0x00007ffe4f280000 - 0x00007ffe4f31c000 	C:\Windows\System32\sechost.dll
0x00007ffe4e190000 - 0x00007ffe4e2b5000 	C:\Windows\System32\RPCRT4.dll
0x00007ffe50010000 - 0x00007ffe50018000 	C:\Windows\System32\PSAPI.DLL
0x00007ffe3df60000 - 0x00007ffe3df69000 	C:\Windows\SYSTEM32\WSOCK32.dll
0x00007ffe3b4d0000 - 0x00007ffe3b4f7000 	C:\Windows\SYSTEM32\WINMM.dll
0x00007ffe3f700000 - 0x00007ffe3f70a000 	C:\Windows\SYSTEM32\VERSION.dll
0x00007ffe4ffa0000 - 0x00007ffe5000b000 	C:\Windows\System32\WS2_32.dll
0x00007ffe4b5e0000 - 0x00007ffe4b5f2000 	C:\Windows\SYSTEM32\kernel.appcore.dll
0x00007ffe3daf0000 - 0x00007ffe3db00000 	C:\Program Files\Microsoft\jdk-11.0.18.10-hotspot\bin\verify.dll
0x00007ffe3e0b0000 - 0x00007ffe3e294000 	C:\Windows\SYSTEM32\DBGHELP.DLL
0x00007ffe3e010000 - 0x00007ffe3e045000 	C:\Windows\SYSTEM32\dbgcore.DLL
0x00007ffe4dec0000 - 0x00007ffe4df42000 	C:\Windows\System32\bcryptPrimitives.dll
0x00007ffe3dac0000 - 0x00007ffe3dae8000 	C:\Program Files\Microsoft\jdk-11.0.18.10-hotspot\bin\java.dll
0x00007ffe3dab0000 - 0x00007ffe3daba000 	C:\Program Files\Microsoft\jdk-11.0.18.10-hotspot\bin\jimage.dll
0x00007ffe3c730000 - 0x00007ffe3c748000 	C:\Program Files\Microsoft\jdk-11.0.18.10-hotspot\bin\zip.dll
0x00007ffe4f720000 - 0x00007ffe4fe64000 	C:\Windows\System32\SHELL32.dll
0x00007ffe4b7e0000 - 0x00007ffe4bf72000 	C:\Windows\SYSTEM32\windows.storage.dll
0x00007ffe4e430000 - 0x00007ffe4e785000 	C:\Windows\System32\combase.dll
0x00007ffe4d070000 - 0x00007ffe4d0a0000 	C:\Windows\SYSTEM32\Wldp.dll
0x00007ffe4f110000 - 0x00007ffe4f1bd000 	C:\Windows\System32\SHCORE.dll
0x00007ffe4f220000 - 0x00007ffe4f275000 	C:\Windows\System32\shlwapi.dll
0x00007ffe4d6a0000 - 0x00007ffe4d6bf000 	C:\Windows\SYSTEM32\profapi.dll
0x00007ffe3c710000 - 0x00007ffe3c729000 	C:\Program Files\Microsoft\jdk-11.0.18.10-hotspot\bin\net.dll
0x00007ffe430c0000 - 0x00007ffe431cc000 	C:\Windows\SYSTEM32\WINHTTP.dll
0x00007ffe4ce50000 - 0x00007ffe4ceba000 	C:\Windows\system32\mswsock.dll
0x00007ffe3c6f0000 - 0x00007ffe3c703000 	C:\Program Files\Microsoft\jdk-11.0.18.10-hotspot\bin\nio.dll
0x00007ffe2cb70000 - 0x00007ffe2cb97000 	C:\Users\AL\.gradle\native\e1d6ef7f7dcc3fd88c89a11ec53ec762bb8ba0a96d01ffa2cd45eb1d1d8dd5c5\windows-amd64\native-platform.dll
0x00007ffe179b0000 - 0x00007ffe17af4000 	C:\Users\AL\.gradle\native\0d407fdbe67a94daf76414ababcb853783967236a71b16ec16e742cd7a986fd3\windows-amd64\native-platform-file-events.dll
0x00007ffe3d2e0000 - 0x00007ffe3d2e9000 	C:\Program Files\Microsoft\jdk-11.0.18.10-hotspot\bin\management.dll
0x00007ffe3c6e0000 - 0x00007ffe3c6eb000 	C:\Program Files\Microsoft\jdk-11.0.18.10-hotspot\bin\management_ext.dll
0x00007ffe4d420000 - 0x00007ffe4d438000 	C:\Windows\SYSTEM32\CRYPTSP.dll
0x00007ffe4c790000 - 0x00007ffe4c7c4000 	C:\Windows\system32\rsaenh.dll
0x00007ffe4ddc0000 - 0x00007ffe4dde7000 	C:\Windows\System32\bcrypt.dll
0x00007ffe4d620000 - 0x00007ffe4d64e000 	C:\Windows\SYSTEM32\USERENV.dll
0x00007ffe4cfe0000 - 0x00007ffe4cfec000 	C:\Windows\SYSTEM32\CRYPTBASE.dll
0x00007ffe4cb60000 - 0x00007ffe4cb9b000 	C:\Windows\SYSTEM32\IPHLPAPI.DLL
0x00007ffe50020000 - 0x00007ffe50028000 	C:\Windows\System32\NSI.dll
0x00007ffe461a0000 - 0x00007ffe461b7000 	C:\Windows\SYSTEM32\dhcpcsvc6.DLL
0x00007ffe46180000 - 0x00007ffe4619d000 	C:\Windows\SYSTEM32\dhcpcsvc.DLL
0x00007ffe4cba0000 - 0x00007ffe4cc6a000 	C:\Windows\SYSTEM32\DNSAPI.dll
0x00007ffe3c5b0000 - 0x00007ffe3c5be000 	C:\Program Files\Microsoft\jdk-11.0.18.10-hotspot\bin\sunmscapi.dll
0x00007ffe4df50000 - 0x00007ffe4e0a6000 	C:\Windows\System32\CRYPT32.dll
0x00007ffe4d0e0000 - 0x00007ffe4d107000 	C:\Windows\SYSTEM32\ncrypt.dll
0x00007ffe4d0a0000 - 0x00007ffe4d0db000 	C:\Windows\SYSTEM32\NTASN1.dll
0x00007ffe25dc0000 - 0x00007ffe25de5000 	C:\Program Files\Microsoft\jdk-11.0.18.10-hotspot\bin\sunec.dll
0x00007ffe424e0000 - 0x00007ffe424ea000 	C:\Windows\System32\rasadhlp.dll
0x00007ffe41a30000 - 0x00007ffe41ab0000 	C:\Windows\System32\fwpuclnt.dll

dbghelp: loaded successfully - version: 4.0.5 - missing functions: none
symbol engine: initialized successfully - sym options: 0x614 - pdb path: .;C:\Program Files\Microsoft\jdk-11.0.18.10-hotspot\bin;C:\Windows\SYSTEM32;C:\Windows\WinSxS\amd64_microsoft.windows.common-controls_6595b64144ccf1df_6.0.19041.1110_none_60b5254171f9507e;C:\Program Files\Microsoft\jdk-11.0.18.10-hotspot\bin\server;C:\Users\AL\.gradle\native\e1d6ef7f7dcc3fd88c89a11ec53ec762bb8ba0a96d01ffa2cd45eb1d1d8dd5c5\windows-amd64;C:\Users\AL\.gradle\native\0d407fdbe67a94daf76414ababcb853783967236a71b16ec16e742cd7a986fd3\windows-amd64

VM Arguments:
jvm_args: -XX:MaxMetaspaceSize=512m --add-opens=java.base/java.util=ALL-UNNAMED --add-opens=java.base/java.lang=ALL-UNNAMED --add-opens=java.base/java.lang.invoke=ALL-UNNAMED --add-opens=java.base/java.util=ALL-UNNAMED --add-opens=java.prefs/java.util.prefs=ALL-UNNAMED --add-opens=java.prefs/java.util.prefs=ALL-UNNAMED --add-opens=java.base/java.nio.charset=ALL-UNNAMED --add-opens=java.base/java.net=ALL-UNNAMED --add-opens=java.base/java.util.concurrent.atomic=ALL-UNNAMED -Xmx2048m -Dfile.encoding=windows-1252 -Duser.country=BR -Duser.language=pt -Duser.variant 
java_command: org.gradle.launcher.daemon.bootstrap.GradleDaemon 7.5.1
java_class_path (initial): C:\Users\AL\.gradle\wrapper\dists\gradle-7.5.1-all\1ehga6e77gqps5uk2kc5kf1vc\gradle-7.5.1\lib\gradle-launcher-7.5.1.jar
Launcher Type: SUN_STANDARD

[Global flags]
     intx CICompilerCount                          = 3                                         {product} {ergonomic}
   size_t CompressedClassSpaceSize                 = 528482304                                 {product} {ergonomic}
     uint ConcGCThreads                            = 1                                         {product} {ergonomic}
     uint G1ConcRefinementThreads                  = 4                                         {product} {ergonomic}
   size_t G1HeapRegionSize                         = 1048576                                   {product} {ergonomic}
    uintx GCDrainStackTargetSize                   = 64                                        {product} {ergonomic}
   size_t InitialHeapSize                          = 98566144                                  {product} {ergonomic}
   size_t MarkStackSize                            = 4194304                                   {product} {ergonomic}
   size_t MaxHeapSize                              = 2147483648                                {product} {command line}
   size_t MaxMetaspaceSize                         = 536870912                                 {product} {command line}
   size_t MaxNewSize                               = 1287651328                                {product} {ergonomic}
   size_t MinHeapDeltaBytes                        = 1048576                                   {product} {ergonomic}
    uintx NonNMethodCodeHeapSize                   = 5830732                                {pd product} {ergonomic}
    uintx NonProfiledCodeHeapSize                  = 122913754                              {pd product} {ergonomic}
    uintx ProfiledCodeHeapSize                     = 122913754                              {pd product} {ergonomic}
    uintx ReservedCodeCacheSize                    = 251658240                              {pd product} {ergonomic}
     bool SegmentedCodeCache                       = true                                      {product} {ergonomic}
     bool UseCompressedClassPointers               = true                                 {lp64_product} {ergonomic}
     bool UseCompressedOops                        = true                                 {lp64_product} {ergonomic}
     bool UseG1GC                                  = true                                      {product} {ergonomic}
     bool UseLargePagesIndividualAllocation        = false                                  {pd product} {ergonomic}

Logging:
Log output configuration:
 #0: stdout all=warning uptime,level,tags
 #1: stderr all=off uptime,level,tags

Environment Variables:
JAVA_HOME=C:\Program Files\Microsoft\jdk-11.0.18.10-hotspot\
CLASSPATH=C:\Mesa\ChegueJa\app\android\\gradle\wrapper\gradle-wrapper.jar
PATH=C:\Mesa\ChegueJa\app\android\node_modules\.bin;C:\Mesa\ChegueJa\app\node_modules\.bin;C:\Mesa\ChegueJa\node_modules\.bin;C:\Mesa\node_modules\.bin;C:\node_modules\.bin;C:\Program Files\nodejs;C:\Mesa\ChegueJa\app\node_modules\.bin;C:\Mesa\ChegueJa\app\node_modules\.bin;C:\Mesa\ChegueJa\node_modules\.bin;C:\Mesa\node_modules\.bin;C:\node_modules\.bin;C:\Program Files\nodejs\node_modules\npm\node_modules\@npmcli\run-script\lib\node-gyp-bin;C:\Mesa\ChegueJa\app\node_modules\.bin;C:\Mesa\ChegueJa\node_modules\.bin;C:\Mesa\node_modules\.bin;C:\node_modules\.bin;C:\Program Files\nodejs;C:\Mesa\ChegueJa\app\node_modules\.bin;C:\Mesa\ChegueJa\node_modules\.bin;C:\Mesa\node_modules\.bin;C:\node_modules\.bin;C:\Program Files\nodejs\node_modules\npm\node_modules\@npmcli\run-script\lib\node-gyp-bin;C:\Program Files\Microsoft\jdk-11.0.18.10-hotspot\bin;C:\Python27\;C:\Python27\Scripts;C:\Program Files\Eclipse Adoptium\jdk-11.0.17.8-hotspot\bin;C:\Windows\system32;C:\Windows;C:\Windows\System32\Wbem;C:\Windows\System32\WindowsPowerShell\v1.0\;C:\Windows\System32\OpenSSH\;C:\ProgramData\chocolatey\bin;C:\Program Files\nodejs\;C:\Program Files\PuTTY\;C:\Users\AL\AppData\Local\Microsoft\WindowsApps;C:\Users\AL\AppData\Roaming\npm;C:\Users\AL\AppData\Local\Programs\Microsoft VS Code\bin
USERNAME=AL
LANG=en_US.UTF-8
OS=Windows_NT
PROCESSOR_IDENTIFIER=Intel64 Family 6 Model 42 Stepping 7, GenuineIntel
TMP=C:\Users\AL\AppData\Local\Temp
TEMP=C:\Users\AL\AppData\Local\Temp



---------------  S Y S T E M  ---------------

OS: Windows 10 , 64 bit Build 19041 (10.0.19041.2364)
OS uptime: 0 days 0:50 hours
Hyper-V role detected

CPU:total 4 (initial active 4) (2 cores per cpu, 2 threads per core) family 6 model 42 stepping 7 microcode 0x2f, cmov, cx8, fxsr, mmx, sse, sse2, sse3, ssse3, sse4.1, sse4.2, popcnt, avx, clmul, ht, tsc, tscinvbit

Memory: 4k page, system-wide physical 5980M (2014M free)
TotalPageFile size 7388M (AvailPageFile size 2481M)
current process WorkingSet (physical memory assigned to process): 432M, peak: 432M
current process commit charge ("private bytes"): 468M, peak: 468M

vm_info: OpenJDK 64-Bit Server VM (11.0.18+10-LTS) for windows-amd64 JRE (11.0.18+10-LTS), built on Jan 18 2023 15:56:47 by "MicrosoftCorporation" with MS VC++ 15.9 (VS2017)

END.
